[2021-08-11 13:04:28] 执行操作：小柒(0)初始化成功，开始运行！
[2021-08-11 13:06:09] 执行操作：小柒(0)初始化成功，开始运行！
[2021-08-11 13:06:36] 执行操作：小柒(0)初始化成功，开始运行！
[2021-08-11 13:07:28] 执行操作：小柒(0)初始化成功，开始运行！
[2021-08-11 13:12:44] 执行操作：小柒(0)初始化成功，开始运行！
[2021-08-11 13:13:51] 执行操作：小柒(0)初始化成功，开始运行！
[2021-08-11 13:13:57](1597867839)<小柒新功能测试群聊/753684495> 执行操作：*mute; 小柒禁言！
[2021-08-11 13:14:17](1597867839)<小柒新功能测试群聊/753684495> 执行操作：*unmute; 小柒解除禁言！
[2021-08-11 13:14:56] 执行操作：小柒(0)初始化成功，开始运行！
[2021-08-11 13:34:55] 执行操作：小柒(0)初始化成功，开始运行！
[2021-08-11 13:35:34] 执行操作：小柒(0)初始化成功，开始运行！
[2021-08-11 13:35:49](1597867839) 执行操作：签到; 执行结果：墨羽翎玖签到成功！当前积分：100090（+10）
[2021-08-11 13:36:18] 执行操作：小柒(0)初始化成功，开始运行！
[2021-08-11 13:36:19](1597867839) 执行操作：签到; 执行结果：墨羽翎玖签到成功！当前积分：100107（+27）
[2021-08-11 13:37:07] 执行操作：小柒(0)初始化成功，开始运行！
[2021-08-11 13:37:11](1597867839) 执行操作：签到; 执行结果：墨羽翎玖签到成功！当前积分：100091（+11）
[2021-08-11 13:37:18](1597867839) 执行操作：查询石头; 执行结果：名字：石头（id:170）
类型：材料
购买：15积分
出售：1积分
合成路径：碎石X15
介绍：一块不知道有什么用的石头
[2021-08-11 13:38:35] 执行操作：小柒(0)初始化成功，开始运行！
[2021-08-11 13:38:41](1597867839) 执行操作：@3284586127 击剑; 执行结果：
[2021-08-11 13:38:48](1597867839) 执行操作：@3284586127 决斗; 执行结果：
[2021-08-11 13:38:50](1597867839) 执行操作：排行榜; 执行结果：排行榜
----------------
积分第一：墨羽翎玖（100091）
积分第二：鹊璃（10007）
胜率第一：墨羽翎玖（94%）
胜率第一（大于50场）：墨羽翎玖（94%）
击剑达人：墨羽翎玖（222场）
登顶次数最多：墨羽翎玖（4次）
被击剑次数最多：鹊璃（11次）
[2021-08-11 13:38:54](1597867839) 执行操作：数据; 执行结果：昵称：墨羽翎玖（自动获取）
积分：100091
体力：157/120
生命值：110/110
攻击力：10（4）
护甲：46（44）
San值：100/100
生活职业：（暂无）
战斗职业：（暂无）
总计场次：222（94%）
背包物品数：3/15
强化次数：3次
[2021-08-11 13:38:56](1597867839) 执行操作：积分; 执行结果：墨羽翎玖你的积分为：100091
[2021-08-11 13:38:58](1597867839) 执行操作：体力; 执行结果：墨羽翎玖你的体力为：157/120
[2021-08-11 13:39:02](1597867839) 执行操作：背包; 执行结果：墨羽翎玖你的背包：3/15
木板X3
石头
金锭X5
[2021-08-11 13:39:09](1597867839) 执行操作：给予物品 石头 10; 执行结果：给予成功！
[2021-08-11 13:39:12](1597867839) 执行操作：背包; 执行结果：墨羽翎玖你的背包：3/15
木板X3
石头X11
金锭X5
[2021-08-11 13:39:23](1597867839) 执行操作：合成破旧的石剑; 执行结果：墨羽翎玖，成功合成1个物品！
[2021-08-11 13:39:28](1597867839) 执行操作：背包; 执行结果：墨羽翎玖你的背包：4/15
木板X2
石头X8
金锭X5
破旧的石剑
[2021-08-11 13:39:43](1597867839) 执行操作：签到; 执行结果：墨羽翎玖你今天已经签到过了哦~
[2021-08-11 13:39:46](1597867839) 执行操作：排行榜; 执行结果：排行榜
----------------
积分第一：墨羽翎玖（100091）
积分第二：鹊璃（10007）
胜率第一：墨羽翎玖（94%）
胜率第一（大于50场）：墨羽翎玖（94%）
击剑达人：墨羽翎玖（222场）
登顶次数最多：墨羽翎玖（4次）
被击剑次数最多：鹊璃（11次）
[2021-08-11 13:40:12](1597867839) 执行操作：签到; 执行结果：墨羽翎玖你今天已经签到过了哦~
[2021-08-11 13:41:01] 执行操作：小柒(0)初始化成功，开始运行！
[2021-08-11 13:42:01] 执行操作：小柒(0)初始化成功，开始运行！
[2021-08-11 13:43:36] 执行操作：小柒(0)初始化成功，开始运行！
[2021-08-11 13:44:33] 执行操作：小柒(0)初始化成功，开始运行！
[2021-08-11 13:49:33] 执行操作：小柒(0)初始化成功，开始运行！
[2021-08-11 13:50:36] 执行操作：小柒(0)初始化成功，开始运行！
[2021-08-11 13:52:06] 执行操作：小柒(0)初始化成功，开始运行！
[2021-08-11 13:52:23] 执行操作：小柒(0)初始化成功，开始运行！
[2021-08-11 13:54:26] 执行操作：小柒(0)初始化成功，开始运行！
[2021-08-11 13:58:20] 执行操作：小柒(0)初始化成功，开始运行！
[2021-08-11 14:02:14](2209882494) 执行操作：签到; 执行结果：liumanh签到成功！当前积分：9（+9）
[2021-08-11 14:02:21](2209882494) 执行操作：积分; 执行结果：liumanh你的积分为：9
[2021-08-11 14:02:24](2209882494) 执行操作：数据; 执行结果：昵称：liumanh（自动获取）
积分：9
体力：20/120
生命值：100/100
攻击力：5（0）
护甲：0（0）
San值：100/100
生活职业：（暂无）
战斗职业：（暂无）
总计场次：0
背包物品数：0/10
强化次数：0次
[2021-08-11 14:02:41] 执行操作：小柒(0)初始化成功，开始运行！
[2021-08-11 14:03:56](1597867839) 执行操作：@2209882494 击剑; 执行结果：
[2021-08-11 14:04:03](2209882494) 执行操作：添加关键词 1 2 0; 执行结果：权限不足，请输入"我的权限"查看
[2021-08-11 14:04:12](1597867839) 执行操作：添加管理员 2209882494; 执行结果：添加成功~
[2021-08-11 14:04:27](1597867839) 执行操作：删除管理员 2209882494; 执行结果：删除成功~
[2021-08-11 14:04:34](1597867839) 执行操作：添加贡献者 2209882494; 执行结果：添加成功~
[2021-08-11 14:04:41](1597867839) 执行操作：添加管理员 2209882494; 执行结果：已将该成员的权限从贡献者升为了管理员
[2021-08-11 14:04:52](1597867839) 执行操作：添加黑名单 人 1; 执行结果：格式错误
[2021-08-11 14:04:54](2209882494) 执行操作：添加回复 1 2 0; 执行结果：添加成功~
[2021-08-11 14:05:02](1597867839) 执行操作：添加黑名单 人 1 测试; 执行结果：已经将人1加入黑名单
[2021-08-11 14:06:11](1597867839) 执行操作：查看机器人信息; 执行结果：机器人名字：小柒
机器人QQ：1812322920
主人QQ：1597867839
[2021-08-11 14:08:00](2209882494)<小柒新功能测试群聊/753684495> 执行操作：*limit on; 小柒解除禁言！
[2021-08-11 14:08:11](1597867839) 执行操作：添加回复 1 2 全体成员; 执行结果：添加成功~
[2021-08-11 14:08:27](1597867839) 执行操作：删除回复 1 2 0; 执行结果：删除成功~！
[2021-08-11 14:08:33](1597867839)<小柒新功能测试群聊/753684495> 执行操作：*limit off; 小柒解除限制！
[2021-08-11 14:08:37](2209882494)<小柒新功能测试群聊/753684495> 执行操作：*limit off; 小柒解除限制！
[2021-08-11 14:09:01](1597867839) 执行操作：删除回复 1 2 全体成员; 执行结果：删除成功~！
[2021-08-11 14:12:37] 执行操作：小柒(0)初始化成功，开始运行！
[2021-08-11 14:12:50](1597867839) 执行操作：开启脏话; 执行结果：已开启∑(っ°Д°;)っ
[2021-08-11 14:13:20](1597867839) 执行操作：关闭脏话，就会触发这个@2209882494; 执行结果：格式错误
[2021-08-11 14:15:06] 执行操作：小柒(0)初始化成功，开始运行！
[2021-08-11 14:16:07] 执行操作：小柒(0)初始化成功，开始运行！
[2021-08-11 14:16:10](1597867839) 执行操作：挖矿; 执行结果：墨羽翎玖你一番挖掘之后，获得了3块碎石
[2021-08-11 14:16:14](1597867839) 执行操作：探险; 执行结果：墨羽翎玖你决定在后院探险，发现了祖辈留下来的宝箱，什么也没有获得
[2021-08-11 14:17:30](2209882494) 执行操作：查看开关的状态; 执行结果：不存在该物品
[2021-08-11 14:19:54] 执行操作：小柒关机！
[2021-08-11 14:28:30] 执行操作：小柒(0)初始化成功，开始运行！
[2021-08-11 14:29:03] 执行操作：小柒(0)初始化成功，开始运行！
[2021-08-11 14:37:08] 执行操作：小柒(0)初始化成功，开始运行！
[2021-08-11 14:42:57] 执行操作：小柒(0)初始化成功，开始运行！
[2021-08-11 14:44:01](1597867839) 执行操作：查询模块列表; 执行结果：不存在该物品
[2021-08-11 14:46:35] 执行操作：小柒(0)初始化成功，开始运行！
[2021-08-11 14:47:24](2209882494) 执行操作：查询铁剑; 执行结果：名字：铁剑（id:73）
类型：武器
购买：310积分
出售：150积分
合成路径：破旧的铁剑X2
介绍：一把可以使用的铁剑，攻击力+6
[2021-08-11 15:14:46] 执行操作：小柒(0)初始化成功，开始运行！
[2021-08-11 15:19:22] 执行操作：小柒(0)初始化成功，开始运行！
[2021-08-11 15:26:44] 执行操作：小柒(0)初始化成功，开始运行！
[2021-08-11 15:27:12] 执行操作：小柒(0)初始化成功，开始运行！
[2021-08-11 15:27:42] 执行操作：小柒(0)初始化成功，开始运行！
[2021-08-11 15:29:51] 执行操作：小柒(0)初始化成功，开始运行！
[2021-08-11 16:11:02] 执行操作：小柒(0)初始化成功，开始运行！
[2021-08-11 16:12:03](1597867839) 执行操作：添加回复 1 2; 执行结果：添加成功~
[2021-08-11 16:12:22](1597867839) 执行操作：删除回复 1 2; 执行结果：删除成功~！
[2021-08-11 16:12:36] 执行操作：小柒关机！
[2021-08-11 16:16:31] 执行操作：小柒(0)初始化成功，开始运行！
[2021-08-11 16:18:55] 执行操作：小柒关机！
[2021-08-11 16:26:58] 执行操作：小柒(0)初始化成功，开始运行！
[2021-08-11 16:29:21] 执行操作：小柒(0)初始化成功，开始运行！
[2021-08-11 16:30:09] 执行操作：小柒关机！
[2021-08-11 16:30:54] 执行操作：小柒(0)初始化成功，开始运行！
[2021-08-11 16:31:28] 执行操作：小柒(0)初始化成功，开始运行！
[2021-08-11 16:34:47] 执行操作：小柒(0)初始化成功，开始运行！
[2021-08-11 16:38:52] 执行操作：小柒(0)初始化成功，开始运行！
[2021-08-11 16:40:17] 执行操作：小柒(0)初始化成功，开始运行！
[2021-08-11 16:43:33] 执行操作：小柒(0)初始化成功，开始运行！
[2021-08-11 16:44:16] 执行操作：小柒(0)初始化成功，开始运行！
[2021-08-11 16:44:23](3284586127)<小柒新功能测试群聊/753684495> 执行操作：入群欢迎
[2021-08-11 16:44:43] 执行操作：小柒(0)初始化成功，开始运行！
[2021-08-11 16:45:39] 执行操作：小柒(0)初始化成功，开始运行！
[2021-08-11 16:46:55] 执行操作：小柒(0)初始化成功，开始运行！
[2021-08-11 16:47:45] 执行操作：小柒(0)初始化成功，开始运行！
[2021-08-11 16:48:24] 执行操作：小柒(0)初始化成功，开始运行！
[2021-08-11 16:49:13] 执行操作：小柒(0)初始化成功，开始运行！
[2021-08-11 16:49:59] 执行操作：小柒(0)初始化成功，开始运行！
[2021-08-11 16:50:04](3284586127)<小柒新功能测试群聊/753684495> 执行操作：入群欢迎
[2021-08-11 16:50:51] 执行操作：小柒(0)初始化成功，开始运行！
[2021-08-11 16:51:02](3284586127)<小柒新功能测试群聊/753684495> 执行操作：入群欢迎
[2021-08-11 16:51:38] 执行操作：小柒(0)初始化成功，开始运行！
[2021-08-11 16:52:54] 执行操作：小柒(0)初始化成功，开始运行！
[2021-08-11 16:53:02](3284586127)<小柒新功能测试群聊/753684495> 执行操作：入群欢迎
[2021-08-11 16:53:54](2034794240)<小柒新功能测试群聊/753684495> 执行操作：入群欢迎
[2021-08-11 16:54:35](2034794240)<小柒新功能测试群聊/753684495> 执行操作：入群欢迎
[2021-08-11 16:55:50](3284586127)<小柒新功能测试群聊/753684495> 执行操作：入群欢迎
[2021-08-11 17:15:17] 执行操作：小柒(0)初始化成功，开始运行！
[2021-08-11 17:15:27] 执行操作：小柒的监听模块 启动！
[2021-08-11 17:16:05] 执行操作：小柒的监听模块 启动！
[2021-08-11 17:16:35] 执行操作：小柒的监听模块 启动！
[2021-08-11 17:17:37] 执行操作：小柒的监听模块 启动！
[2021-08-11 17:17:42] 执行操作：已重置打卡日期到：2021-08-11
[2021-08-11 17:19:33] 执行操作：小柒的监听模块 启动！
[2021-08-11 17:19:38] 执行操作：已重置打卡日期到：2021-08-11
[2021-08-11 17:20:44] 执行操作：小柒的监听模块 启动！
[2021-08-11 17:20:50] 执行操作：已重置打卡日期到：2021-08-11
[2021-08-11 17:24:15] 执行操作：小柒的监听模块 启动！
[2021-08-11 17:24:20] 执行操作：已重置打卡日期到：2021-08-11
[2021-08-11 17:24:27] 执行操作：小柒的监听模块 启动！
[2021-08-11 17:24:32] 执行操作：已重置打卡日期到：2021-08-11
[2021-08-11 17:24:49] 执行操作：小柒的监听模块 启动！
[2021-08-11 17:24:54] 执行操作：已重置打卡日期到：2021-08-11
[2021-08-11 18:10:26] 执行操作：小柒(0)初始化成功，开始运行！
[2021-08-11 18:11:13] 执行操作：小柒(0)初始化成功，开始运行！
[2021-08-12 11:53:27] 执行操作：小柒(0)初始化成功，开始运行！
[2021-08-12 11:54:04] 执行操作：小柒关机！
[2021-08-12 11:54:49] 执行操作：小柒(0)初始化成功，开始运行！
[2021-08-12 11:55:02] 执行操作：小柒关机！
[2021-08-12 11:55:26] 执行操作：小柒(0)初始化成功，开始运行！
[2021-08-12 11:55:30](1597867839) 执行操作：添加屏蔽词 1; 执行结果：添加成功~！目前屏蔽词个数：1
[2021-08-12 11:55:35](1597867839) 执行操作：查看屏蔽词; 执行结果：开启的屏蔽词如下：
1
[2021-08-12 11:55:58](1597867839) 执行操作：添加屏蔽词 2; 执行结果：添加成功~！目前屏蔽词个数：2
[2021-08-12 11:56:03](1597867839) 执行操作：删除屏蔽词 1; 执行结果：删除成功目前屏蔽词个数：1
[2021-08-12 11:56:06](1597867839) 执行操作：查看屏蔽词; 执行结果：开启的屏蔽词如下：
2
[2021-08-12 11:56:13](1597867839) 执行操作：清空屏蔽词; 执行结果：请问是否清空屏蔽词，回答“是”或者“否”
[2021-08-12 11:56:32] 执行操作：小柒关机！
[2021-08-12 11:56:58] 执行操作：小柒(0)初始化成功，开始运行！
[2021-08-12 11:57:37] 执行操作：小柒(0)初始化成功，开始运行！
[2021-08-12 11:57:43](1597867839) 执行操作：查看屏蔽词; 执行结果：开启的屏蔽词如下：
2
[2021-08-12 11:57:49](1597867839) 执行操作：清空屏蔽词; 执行结果：请问是否清空屏蔽词，回答“是”或者“否”
[2021-08-12 11:57:56](1597867839) 执行操作：查看屏蔽词; 执行结果：暂无任何屏蔽词
[2021-08-12 11:58:00](1597867839) 执行操作：添加屏蔽词 1; 执行结果：添加成功~！目前屏蔽词个数：1
[2021-08-12 11:59:00] 执行操作：小柒(0)初始化成功，开始运行！
[2021-08-12 12:03:31] 执行操作：小柒(0)初始化成功，开始运行！
[2021-08-12 12:06:52] 执行操作：小柒(0)初始化成功，开始运行！
[2021-08-12 12:09:16] 执行操作：小柒(0)初始化成功，开始运行！
[2021-08-12 12:13:08] 执行操作：小柒(0)初始化成功，开始运行！
[2021-08-12 12:15:37] 执行操作：小柒(0)初始化成功，开始运行！
[2021-08-12 12:51:44] 执行操作：小柒(0)初始化成功，开始运行！
[2021-08-12 12:53:06](1597867839) 执行操作：查看屏蔽词; 执行结果：开启的屏蔽词如下：
1
[2021-08-12 12:55:03] 执行操作：小柒(0)初始化成功，开始运行！
[2021-08-12 12:55:07](1597867839) 执行操作：查看屏蔽词; 执行结果：开启的屏蔽词如下：
1
[2021-08-12 12:55:30] 执行操作：小柒(0)初始化成功，开始运行！
[2021-08-12 12:55:31](1597867839) 执行操作：查看屏蔽词; 执行结果：开启的屏蔽词如下：
1
[2021-08-12 12:56:59] 执行操作：小柒(0)初始化成功，开始运行！
[2021-08-12 12:57:09](1597867839) 执行操作：查看屏蔽词; 执行结果：开启的屏蔽词如下：
1
[2021-08-12 12:57:36](3284586127) 执行操作：查看屏蔽词; 执行结果：权限不足，请输入"我的权限"查看
[2021-08-12 12:58:46] 执行操作：小柒(0)初始化成功，开始运行！
[2021-08-12 13:00:01] 执行操作：小柒(0)初始化成功，开始运行！
[2021-08-12 13:01:31] 执行操作：小柒(0)初始化成功，开始运行！
[2021-08-12 13:02:57] 执行操作：小柒(0)初始化成功，开始运行！
[2021-08-12 13:03:58](1597867839) 执行操作：查看屏蔽词; 执行结果：开启的屏蔽词如下：
1
[2021-08-12 13:04:02](1597867839) 执行操作：挖矿; 执行结果：墨羽翎玖你一番挖掘之后，获得了2块碎石
[2021-08-12 13:04:23] 执行操作：小柒关机！
[2021-08-12 13:05:41] 执行操作：小柒(0)初始化成功，开始运行！
[2021-08-12 13:05:57](1597867839) 执行操作：查看屏蔽词; 执行结果：开启的屏蔽词如下：
1
[2021-08-12 13:06:13](1597867839) 执行操作：清空屏蔽词; 执行结果：请问是否清空屏蔽词，回答“是”或者“否”
[2021-08-12 13:06:21](1597867839) 执行操作：查看屏蔽词; 执行结果：暂无任何屏蔽词
[2021-08-12 13:06:25](1597867839) 执行操作：@3284586127 击剑; 执行结果：
[2021-08-12 13:06:28](1597867839) 执行操作：添加屏蔽词 1; 执行结果：屏蔽词不能为纯数字哦~
[2021-08-12 13:06:36](1597867839) 执行操作：添加屏蔽词 1597867839; 执行结果：屏蔽词不能为纯数字哦~
[2021-08-12 13:11:09] 执行操作：小柒(0)初始化成功，开始运行！
[2021-08-12 13:11:26](1597867839) 执行操作：添加屏蔽词 测试; 执行结果：添加成功~！目前屏蔽词个数：1
[2021-08-12 13:11:28](1597867839) 执行操作：查看屏蔽词; 执行结果：开启的屏蔽词如下：
测试
[2021-08-12 13:11:33](1597867839) 执行操作：删除屏蔽词 测试; 执行结果：删除成功目前屏蔽词个数：0
[2021-08-12 13:26:53] 执行操作：小柒(0)初始化成功，开始运行！
[2021-08-12 13:29:48] 执行操作：小柒(0)初始化成功，开始运行！
[2021-08-12 13:32:23] 执行操作：小柒(0)初始化成功，开始运行！
[2021-08-12 13:32:44](1597867839)<小柒新功能测试群聊/753684495> 执行操作：开启限制模式; 小柒解除禁言！
[2021-08-12 13:32:55](1597867839)<小柒新功能测试群聊/753684495> 执行操作：关闭限制模式; 小柒解除限制！
[2021-08-12 13:34:26](1597867839) 执行操作：添加回复 1 2; 执行结果：添加成功~
[2021-08-12 13:40:24] 执行操作：小柒(0)初始化成功，开始运行！
[2021-08-12 13:41:51](2209882494) 执行操作：添加回复 1 [图片]; 执行结果：添加成功~
[2021-08-12 13:42:20](2209882494) 执行操作：删除回复 1 [图片]; 执行结果：删除成功~！
[2021-08-12 13:42:24] 执行操作：小柒关机！
[2021-08-12 14:30:54] 执行操作：小柒(0)初始化成功，开始运行！
[2021-08-12 14:32:34](1597867839) 执行操作：贡献者帮助; 执行结果：参见command.py里的帮助内容
[2021-08-12 14:44:06] 执行操作：小柒(0)初始化成功，开始运行！
[2021-08-12 14:45:31] 执行操作：小柒(0)初始化成功，开始运行！
[2021-08-12 14:46:18] 执行操作：小柒(0)初始化成功，开始运行！
[2021-08-12 14:47:09] 执行操作：小柒(0)初始化成功，开始运行！
[2021-08-12 14:50:00] 执行操作：小柒(0)初始化成功，开始运行！
[2021-08-12 14:50:11](1597867839) 执行操作：模拟抽卡; 执行结果：★★★★☆☆梅
-------------
以上数据由夜煞提供，如有错误，请使用命令"*send 错误内容"告知
[2021-08-12 14:50:15](1597867839) 执行操作：模拟十连; 执行结果：★★★★☆☆ 慕斯
★★★★★☆ 苇草
★★★★☆☆ 酸糖
★★★☆☆☆ 芬
★★★★★☆ 梅尔
★★★★☆☆ 松果
★★★★☆☆ 角峰
★★★★☆☆ 远山
★★★★☆☆ 猎蜂
★★★★☆☆ 古米
-------------
以上数据由夜煞提供，如有错误，请使用命令"*send 错误内容"告知
[2021-08-12 14:52:47] 执行操作：小柒(0)初始化成功，开始运行！
[2021-08-12 14:53:25] 执行操作：小柒(0)初始化成功，开始运行！
[2021-08-12 14:53:46](1597867839) 执行操作：添加全局屏蔽词 傻逼; 执行结果：添加成功~！
[2021-08-12 14:54:14](1597867839) 执行操作：删除全局屏蔽词 傻逼; 执行结果：删除成功
[2021-08-12 14:54:34] 执行操作：小柒(0)初始化成功，开始运行！
[2021-08-12 14:54:37](1597867839) 执行操作：添加全局屏蔽词 傻逼; 执行结果：添加成功~！
[2021-08-12 14:54:56](1597867839) 执行操作：添加全局屏蔽词 你他吗; 执行结果：添加成功~！
[2021-08-12 14:55:06](1597867839) 执行操作：添加全局屏蔽词 你他妈; 执行结果：添加成功~！
[2021-08-12 14:55:52] 执行操作：小柒(0)初始化成功，开始运行！
[2021-08-13 13:18:52] 执行操作：小柒(0)初始化成功，开始运行！
[2021-08-13 13:36:50] 执行操作：小柒(0)初始化成功，开始运行！
[2021-08-13 13:53:50](1597867839) 执行操作：创建分组 测试 @3284586127 @2209882494; 执行结果：创建分组成功~
[2021-08-13 13:54:02](1597867839) 执行操作：查看分组 测试; 执行结果：分组<测试>成员如下：
liumanh（2209882494）
[2021-08-13 13:54:23](1597867839) 执行操作：追加分组成员 1597867839 3284586127; 执行结果：不存在该分组哦~
[2021-08-13 13:54:31](1597867839) 执行操作：追加分组成员 测试 1597867839 3284586127; 执行结果：成功追加2个人
[2021-08-13 13:54:37](1597867839) 执行操作：查看分组 测试; 执行结果：分组<测试>成员如下：
liumanh（2209882494）
墨羽翎玖（1597867839）
鹊璃（3284586127）
[2021-08-13 13:54:52](1597867839) 执行操作：删除分组成员 测试 @3284586127; 执行结果：成功删除1个人
[2021-08-13 13:54:58](1597867839) 执行操作：查看分组 测试; 执行结果：分组<测试>成员如下：
liumanh（2209882494）
墨羽翎玖（1597867839）
[2021-08-13 13:56:49](2209882494) 执行操作：创建分组 测试1 @3284586127 @399608601 @1622057984 @1597867839; 执行结果：创建分组成功~
[2021-08-13 13:56:56](1597867839) 执行操作：查看分组 测试1; 执行结果：分组<测试1>成员如下：
墨羽翎玖（1597867839）
[2021-08-13 13:56:57](2209882494) 执行操作：查看分组 测试1; 执行结果：分组<测试1>成员如下：
墨羽翎玖（1597867839）
[2021-08-13 13:57:17](2209882494) 执行操作：删除分组 测试1; 执行结果：删除成功
[2021-08-13 13:57:26](2209882494) 执行操作：创建分组 测试1; 执行结果：创建分组成功~
[2021-08-13 13:57:34](2209882494) 执行操作：查看分组 测试1; 执行结果：暂无任何成员
[2021-08-13 13:57:52](1597867839) 执行操作：清空分组; 执行结果：是否确定清空分组数据，回答“是”或者“否”
[2021-08-13 14:22:01] 执行操作：小柒(0)初始化成功，开始运行！
[2021-08-13 14:22:11](1597867839) 执行操作：分组列表; 执行结果：暂无任何分组
[2021-08-13 14:22:41](1597867839) 执行操作：创建分组 测试 @2209882494 @3284586127; 执行结果：创建分组成功~
[2021-08-13 14:22:51](1597867839) 执行操作：查看分组 测试; 执行结果：分组<测试>成员如下：
鹊璃（3284586127）
[2021-08-13 14:23:18](1597867839) 执行操作：分组列表; 执行结果：分组如下：
测试（1人）
[2021-08-13 14:24:09](2209882494) 执行操作：不急不急摸摸头; 执行结果：
[2021-08-13 14:24:27](2209882494) 执行操作：创建分组 测试2 @1597867839  @3284586127; 执行结果：创建分组成功~
[2021-08-13 14:24:34](2209882494) 执行操作：查看分组 测试2; 执行结果：分组<测试2>成员如下：
鹊璃（3284586127）
[2021-08-13 14:24:38](1597867839) 执行操作：创建分组 测试 @1622057984; 执行结果：已经有该分组了哦~，是否要覆盖，回答“是”或者“否”
[2021-08-13 14:24:49](1597867839) 执行操作：查看分组 测试; 执行结果：分组<测试>成员如下：
小柒（1622057984）
[2021-08-13 14:24:53](2209882494) 执行操作：分组列表; 执行结果：分组如下：
测试2（1人）
测试（1人）
[2021-08-13 14:25:03](2209882494) 执行操作：删除分组 测试2; 执行结果：删除成功
[2021-08-13 14:28:12] 执行操作：小柒(0)初始化成功，开始运行！
[2021-08-13 14:28:48](1597867839) 执行操作：清空分组; 执行结果：是否确定清空分组数据，回答“是”或者“否”
[2021-08-13 14:29:51] 执行操作：小柒(0)初始化成功，开始运行！
[2021-08-13 14:30:46] 执行操作：小柒(0)初始化成功，开始运行！
[2021-08-13 14:31:11] 执行操作：小柒(0)初始化成功，开始运行！
[2021-08-13 14:32:20](1597867839) 执行操作：创建分组 测试 @3284586127 @1622057984; 执行结果：创建分组成功~
[2021-08-13 14:32:42](2209882494) 执行操作：查看分组 测试; 执行结果：分组<测试>成员如下：
小柒（1622057984）
[2021-08-13 14:33:02](1597867839) 执行操作：创建分组 测试2 3284586127 1597867839; 执行结果：创建分组成功~
[2021-08-13 14:33:10](2209882494) 执行操作：查看分组 测试2; 执行结果：分组<测试2>成员如下：
鹊璃（3284586127）
墨羽翎玖（1597867839）
[2021-08-13 14:33:17] 执行操作：小柒关机！
[2021-08-13 14:33:53] 执行操作：小柒(0)初始化成功，开始运行！
[2021-08-13 14:34:03](1597867839) 执行操作：清空分组; 执行结果：是否确定清空分组数据，回答“是”或者“否”
[2021-08-13 14:34:16](1597867839) 执行操作：创建分组 测试 @3284586127 @2209882494; 执行结果：创建分组成功~
[2021-08-13 14:34:21](1597867839) 执行操作：查看分组 测试; 执行结果：分组<测试>成员如下：
鹊璃（3284586127）
liumanh（2209882494）
[2021-08-13 14:34:37](2209882494) 执行操作：分组列表; 执行结果：分组如下：
测试（2人）
[2021-08-13 14:35:44](2209882494) 执行操作：创建分组 测试2  @1597867839 @3284586127 @1622057984  2209882494 @399608601; 执行结果：创建分组成功~
[2021-08-13 14:35:51](2209882494) 执行操作：查看分组 测试2; 执行结果：分组<测试2>成员如下：
墨羽翎玖（1597867839）
鹊璃（3284586127）
小捌（399608601）
[2021-08-13 14:36:04] 执行操作：小柒(0)初始化成功，开始运行！
[2021-08-13 14:36:31](2209882494) 执行操作：清空分组; 执行结果：是否确定清空分组数据，回答“是”或者“否”
[2021-08-13 21:22:33] 执行操作：小柒(0)初始化成功，开始运行！
[2021-08-13 21:22:45](1597867839) 执行操作：添加复杂回复; 执行结果：请在小柒的指引下完成复杂回复的添加~请问你的触发该回复的触发词是什么呢？（只能包含文本和艾特消息，你可以随时输入“*取消创建*”来取消，星号不可以省略哦~）
[2021-08-13 21:23:12] 执行操作：小柒关机！
[2021-08-13 21:24:08] 执行操作：小柒(0)初始化成功，开始运行！
[2021-08-13 21:24:17](1597867839) 执行操作：添加复杂回复; 执行结果：请在小柒的指引下完成复杂回复的添加~请问你的触发该回复的触发词是什么呢？（只能包含文本和艾特消息，你可以随时输入“*取消创建*”来取消，星号不可以省略哦~）
[2021-08-13 21:24:27] 执行操作：小柒关机！
[2021-08-13 21:25:46] 执行操作：小柒(0)初始化成功，开始运行！
[2021-08-13 21:26:05] 执行操作：小柒(0)初始化成功，开始运行！
[2021-08-13 21:27:06] 执行操作：小柒(0)初始化成功，开始运行！
[2021-08-13 21:28:53] 执行操作：小柒(0)初始化成功，开始运行！
[2021-08-13 21:29:08](1597867839) 执行操作：添加复杂回复; 执行结果：请在小柒的指引下完成复杂回复的添加~请问你的触发该回复的触发词是什么呢？（只能包含文本和艾特消息，你可以随时输入“*取消创建*”来取消，星号不可以省略哦~）
[2021-08-13 21:30:07] 执行操作：小柒(0)初始化成功，开始运行！
[2021-08-13 21:30:22](1597867839) 执行操作：添加复杂回复; 执行结果：请在小柒的指引下完成复杂回复的添加~请问你的触发该回复的触发词是什么呢？（只能包含文本和艾特消息，你可以随时输入“*取消创建*”来取消，星号不可以省略哦~）
[2021-08-13 21:31:15](1597867839) 执行操作：查看复杂回复; 执行结果：开放的触发词如下：
测试
[2021-08-13 21:31:22](1597867839) 执行操作：删除复杂回复 测试; 执行结果：删除成功~
[2021-08-13 21:31:26](1597867839) 执行操作：查看复杂回复; 执行结果：开放的触发词如下：
测试
[2021-08-13 21:31:51] 执行操作：小柒(0)初始化成功，开始运行！
[2021-08-13 21:32:00](1597867839) 执行操作：删除复杂回复 测试; 执行结果：删除成功~
[2021-08-13 21:32:04](1597867839) 执行操作：查看复杂回复; 执行结果：开放的触发词如下：
[2021-08-13 21:32:59] 执行操作：小柒(0)初始化成功，开始运行！
[2021-08-13 21:33:07](1597867839) 执行操作：查看复杂回复; 执行结果：没有开放的复杂回复触发词
[2021-08-13 21:33:14](1597867839) 执行操作：添加复杂回复; 执行结果：请在小柒的指引下完成复杂回复的添加~请问你的触发该回复的触发词是什么呢？（只能包含文本和艾特消息，你可以随时输入“*取消创建*”来取消，星号不可以省略哦~）
[2021-08-13 21:34:10] 执行操作：小柒关机！
[2021-08-13 21:34:58] 执行操作：小柒(0)初始化成功，开始运行！
[2021-08-13 21:35:08] 执行操作：小柒关机！
[2021-08-13 21:35:57] 执行操作：小柒(0)初始化成功，开始运行！
[2021-08-13 21:36:02](1597867839) 执行操作：添加回复 1 2; 执行结果：已经有该回复了
[2021-08-13 21:36:44] 执行操作：小柒(0)初始化成功，开始运行！
[2021-08-13 21:37:11] 执行操作：小柒(0)初始化成功，开始运行！
[2021-08-13 21:37:40] 执行操作：小柒(0)初始化成功，开始运行！
[2021-08-13 21:38:02](1597867839) 执行操作：添加复杂回复; 执行结果：请在小柒的指引下完成复杂回复的添加~请问你的触发该回复的触发词是什么呢？（只能包含文本和艾特消息，你可以随时输入“*取消创建*”来取消，星号不可以省略哦~）
[2021-08-13 21:38:42](1597867839) 执行操作：查看复杂回复; 执行结果：开放的复杂回复触发词如下：
测试
测试2
[2021-08-13 21:38:47](1597867839) 执行操作：删除复杂回复 测试; 执行结果：删除成功~
[2021-08-13 21:38:51](1597867839) 执行操作：删除复杂回复 测试2; 执行结果：删除成功~
[2021-08-13 21:38:57](1597867839) 执行操作：添加复杂回复; 执行结果：请在小柒的指引下完成复杂回复的添加~请问你的触发该回复的触发词是什么呢？（只能包含文本和艾特消息，你可以随时输入“*取消创建*”来取消，星号不可以省略哦~）
[2021-08-13 21:39:25](1597867839) 执行操作：删除复杂回复 测试; 执行结果：删除成功~
[2021-08-13 21:39:28](1597867839) 执行操作：添加复杂回复; 执行结果：请在小柒的指引下完成复杂回复的添加~请问你的触发该回复的触发词是什么呢？（只能包含文本和艾特消息，你可以随时输入“*取消创建*”来取消，星号不可以省略哦~）
[2021-08-13 21:39:51](1597867839) 执行操作：删除复杂回复 测试; 执行结果：删除成功~
[2021-08-13 21:39:54](1597867839) 执行操作：查看分组; 执行结果：不存在该物品
[2021-08-13 21:39:59](1597867839) 执行操作：分组列表; 执行结果：暂无任何分组
[2021-08-13 21:40:11](1597867839) 执行操作：创建分组 测试 @3284586127 @2209882494; 执行结果：创建分组成功~
[2021-08-13 21:40:16](1597867839) 执行操作：分组列表; 执行结果：分组如下：
测试（2人）
[2021-08-13 21:40:19](1597867839) 执行操作：查看分组 测试; 执行结果：分组<测试>成员如下：
鹊璃（3284586127）
liumanh（2209882494）
[2021-08-13 21:40:26](1597867839) 执行操作：添加复杂回复; 执行结果：请在小柒的指引下完成复杂回复的添加~请问你的触发该回复的触发词是什么呢？（只能包含文本和艾特消息，你可以随时输入“*取消创建*”来取消，星号不可以省略哦~）
[2021-08-13 21:41:38] 执行操作：小柒关机！
[2021-08-13 21:42:25] 执行操作：小柒(0)初始化成功，开始运行！
[2021-08-13 21:42:31] 执行操作：小柒关机！
[2021-08-13 21:43:45] 执行操作：小柒(0)初始化成功，开始运行！
[2021-08-13 21:45:21] 执行操作：小柒(0)初始化成功，开始运行！
[2021-08-13 21:45:52] 执行操作：小柒(0)初始化成功，开始运行！
[2021-08-13 21:46:10] 执行操作：小柒(0)初始化成功，开始运行！
[2021-08-13 21:46:26](1597867839) 执行操作：查看分组 测试; 执行结果：分组<测试>成员如下：
鹊璃（3284586127）
liumanh（2209882494）
[2021-08-13 21:46:34](1597867839) 执行操作：添加分组成员 1597867839; 执行结果：不存在该分组哦~
[2021-08-13 21:46:44](1597867839) 执行操作：添加分组成员 测试 1597867839; 执行结果：成功追加1个人
[2021-08-13 21:46:52](1597867839) 执行操作：查看分组 测试; 执行结果：分组<测试>成员如下：
鹊璃（3284586127）
liumanh（2209882494）
墨羽翎玖（1597867839）
[2021-08-13 21:47:13](1597867839) 执行操作：添加分组成员 测试 1234; 执行结果：成功追加1个人
[2021-08-13 21:47:24](1597867839) 执行操作：查看分组 测试; 执行结果：分组<测试>成员如下：
鹊璃（3284586127）
liumanh（2209882494）
墨羽翎玖（1597867839）
[2021-08-13 21:47:31] 执行操作：小柒关机！
[2021-08-13 21:48:46] 执行操作：小柒(0)初始化成功，开始运行！
[2021-08-13 21:48:56](1597867839) 执行操作：删除复杂回复 测试; 执行结果：删除成功~
[2021-08-13 21:49:04] 执行操作：小柒关机！
[2021-08-13 21:59:26] 执行操作：小柒(0)初始化成功，开始运行！
[2021-08-13 21:59:34](1597867839) 执行操作：查看分组 测试; 执行结果：分组<测试>成员如下：
鹊璃（3284586127）
liumanh（2209882494）
墨羽翎玖（1597867839）
[2021-08-13 21:59:59](1597867839) 执行操作：删除分组成员 1597867839; 执行结果：不存在该分组哦~
[2021-08-13 22:00:07](1597867839) 执行操作：删除分组成员 测试 1597867839; 执行结果：成功删除0个人
[2021-08-13 22:00:15] 执行操作：小柒关机！
[2021-08-13 22:00:50] 执行操作：小柒(0)初始化成功，开始运行！
[2021-08-13 22:00:55](1597867839) 执行操作：查看分组 测试; 执行结果：分组<测试>成员如下：
鹊璃（3284586127）
liumanh（2209882494）
[2021-08-13 22:01:00](1597867839)<小柒新功能测试群聊/753684495> 执行操作：加入分组 测试; 执行结果：加入成功
[2021-08-13 22:01:06](1597867839) 执行操作：查看分组 测试; 执行结果：分组<测试>成员如下：
鹊璃（3284586127）
liumanh（2209882494）
墨羽翎玖（1597867839）
[2021-08-13 22:01:14](1597867839) 执行操作：删除分组成员 测试; 执行结果：成功删除0个人
[2021-08-13 22:01:22](1597867839) 执行操作：删除分组成员 测试 1597867839; 执行结果：成功删除1个人
[2021-08-13 22:01:27](1597867839) 执行操作：查看分组 测试; 执行结果：分组<测试>成员如下：
鹊璃（3284586127）
liumanh（2209882494）
[2021-08-13 22:01:38](1597867839) 执行操作：添加分组成员 测试 @1597867839; 执行结果：成功追加1个人
[2021-08-13 22:01:43](1597867839) 执行操作：查看分组 测试; 执行结果：分组<测试>成员如下：
鹊璃（3284586127）
liumanh（2209882494）
墨羽翎玖（1597867839）
[2021-08-13 22:01:51](1597867839)<小柒新功能测试群聊/753684495> 执行操作：退出分组测试; 执行结果：退出成功
[2021-08-13 22:01:56](1597867839) 执行操作：查看分组 测试; 执行结果：分组<测试>成员如下：
鹊璃（3284586127）
liumanh（2209882494）
[2021-08-13 22:02:03](1597867839) 执行操作：查看复杂回复; 执行结果：没有开放的复杂回复触发词
[2021-08-13 22:02:29] 执行操作：小柒关机！
[2021-08-16 19:46:46] 执行操作：小柒(0)初始化成功，开始运行！
[2021-08-16 19:49:06] 执行操作：小柒(0)初始化成功，开始运行！
[2021-08-16 19:50:51] 执行操作：小柒(0)初始化成功，开始运行！
[2021-08-17 11:20:34] 执行操作：小柒(0)初始化成功，开始运行！
[2021-08-17 11:22:25] 执行操作：小柒(0)初始化成功，开始运行！
[2021-08-17 11:23:57] 执行操作：小柒(0)初始化成功，开始运行！
[2021-08-17 11:24:14] 执行操作：小柒(0)初始化成功，开始运行！
[2021-08-17 11:27:21] 执行操作：小柒(0)初始化成功，开始运行！
[2021-08-17 11:27:59] 执行操作：小柒(0)初始化成功，开始运行！
[2021-08-17 11:30:01] 执行操作：小柒(0)初始化成功，开始运行！
[2021-08-17 11:52:58] 执行操作：小柒(0)初始化成功，开始运行！
[2021-08-17 11:53:18] 执行操作：小柒(0)初始化成功，开始运行！
[2021-08-17 14:23:35] 执行操作：小柒(0)初始化成功，开始运行！
[2021-08-17 14:25:24] 执行操作：小柒(0)初始化成功，开始运行！
[2021-08-17 14:25:37] 执行操作：小柒(0)初始化成功，开始运行！
[2021-08-17 14:25:58] 执行操作：小柒(0)初始化成功，开始运行！
[2021-08-17 14:32:08] 执行操作：小柒(0)初始化成功，开始运行！
[2021-08-17 14:32:30] 执行操作：小柒(0)初始化成功，开始运行！
[2021-08-17 14:33:10] 执行操作：小柒关机！
[2021-08-17 14:34:05] 执行操作：小柒(0)初始化成功，开始运行！
[2021-08-17 14:34:23] 执行操作：小柒关机！
[2021-08-17 14:34:56] 执行操作：小柒(0)初始化成功，开始运行！
[2021-08-17 14:35:44] 执行操作：小柒(0)初始化成功，开始运行！
[2021-08-17 14:48:33] 执行操作：小柒(0)初始化成功，开始运行！
[2021-08-17 14:48:55] 执行操作：小柒(0)初始化成功，开始运行！
[2021-08-17 16:20:31] 执行操作：小柒(0)初始化成功，开始运行！
[2021-08-17 16:21:13] 执行操作：小柒(0)初始化成功，开始运行！
[2021-08-17 16:27:38] 执行操作：小柒(0)初始化成功，开始运行！
[2021-08-17 22:29:46] 执行操作：小柒(0)初始化成功，开始运行！
[2021-08-17 22:33:56] 执行操作：小柒(0)初始化成功，开始运行！
[2021-08-17 22:34:18] 执行操作：小柒(0)初始化成功，开始运行！
[2021-08-17 22:36:08] 执行操作：小柒(0)初始化成功，开始运行！
[2021-08-17 22:36:57] 执行操作：小柒(0)初始化成功，开始运行！
[2021-08-17 22:37:05] 执行操作：小柒(0)初始化成功，开始运行！
[2021-08-17 22:38:28] 执行操作：小柒(0)初始化成功，开始运行！
[2021-08-17 22:40:50] 执行操作：小柒(0)初始化成功，开始运行！
[2021-08-17 22:41:57] 执行操作：小柒(0)初始化成功，开始运行！
[2021-08-18 14:18:08] 执行操作：小柒(0)初始化成功，开始运行！
[2021-08-18 14:18:33] 执行操作：小柒(0)初始化成功，开始运行！
[2021-08-18 14:50:42] 执行操作：小柒(0)初始化成功，开始运行！
[2021-08-18 14:53:02] 执行操作：小柒(0)初始化成功，开始运行！
[2021-08-18 14:55:40] 执行操作：小柒(0)初始化成功，开始运行！
[2021-08-18 14:59:57] 执行操作：小柒(0)初始化成功，开始运行！
[2021-08-18 15:01:10] 执行操作：小柒(0)初始化成功，开始运行！
[2021-08-18 15:01:43] 执行操作：小柒(0)初始化成功，开始运行！
[2021-08-18 16:50:32] 执行操作：小柒(0)初始化成功，开始运行！
[2021-08-18 16:55:03] 执行操作：小柒(0)初始化成功，开始运行！
[2021-08-18 16:55:48] 执行操作：小柒(0)初始化成功，开始运行！
[2021-08-18 17:20:10] 执行操作：小柒(0)初始化成功，开始运行！
[2021-08-18 17:24:04] 执行操作：小柒(0)初始化成功，开始运行！
[2021-08-18 17:25:59] 执行操作：小柒(0)初始化成功，开始运行！
[2021-08-18 17:27:08] 执行操作：小柒(0)初始化成功，开始运行！
[2021-08-18 17:27:55] 执行操作：小柒(0)初始化成功，开始运行！
[2021-08-18 17:37:19] 执行操作：小柒(0)初始化成功，开始运行！
[2021-08-18 17:38:05] 执行操作：小柒(0)初始化成功，开始运行！
[2021-08-18 17:39:14] 执行操作：小柒(0)初始化成功，开始运行！
[2021-08-18 17:39:30] 执行操作：小柒(0)初始化成功，开始运行！
[2021-08-18 20:02:29] 执行操作：小柒(0)初始化成功，开始运行！
[2021-08-18 20:08:02] 执行操作：小柒(0)初始化成功，开始运行！
[2021-08-18 20:09:09] 执行操作：小柒(0)初始化成功，开始运行！
[2021-08-18 20:10:59] 执行操作：小柒(0)初始化成功，开始运行！
[2021-08-18 20:11:28] 执行操作：小柒(0)初始化成功，开始运行！
[2021-08-18 20:12:22] 执行操作：小柒(0)初始化成功，开始运行！
[2021-08-18 20:14:11] 执行操作：小柒(0)初始化成功，开始运行！
[2021-08-18 20:15:01] 执行操作：小柒关机！
[2021-08-18 20:15:42] 执行操作：小柒(0)初始化成功，开始运行！
[2021-08-18 20:17:48] 执行操作：小柒(0)初始化成功，开始运行！
[2021-08-18 20:19:23] 执行操作：小柒(0)初始化成功，开始运行！
[2021-08-18 20:19:47] 执行操作：小柒(0)初始化成功，开始运行！
[2021-08-18 20:24:19] 执行操作：小柒(0)初始化成功，开始运行！
[2021-08-18 20:25:21] 执行操作：小柒关机！
[2021-08-18 20:52:25] 执行操作：小柒(0)初始化成功，开始运行！
[2021-08-18 20:56:13] 执行操作：小柒(0)初始化成功，开始运行！
[2021-08-18 20:58:47] 执行操作：小柒(0)初始化成功，开始运行！
[2021-08-18 20:59:14] 执行操作：小柒(0)初始化成功，开始运行！
[2021-08-18 20:59:45] 执行操作：小柒(0)初始化成功，开始运行！
[2021-08-18 21:01:48] 执行操作：小柒(0)初始化成功，开始运行！
[2021-08-18 21:40:34] 执行操作：小柒(0)初始化成功，开始运行！
[2021-08-18 21:42:10] 执行操作：小柒(0)初始化成功，开始运行！
[2021-08-18 21:47:21] 执行操作：小柒(0)初始化成功，开始运行！
[2021-08-19 00:23:05] 执行操作：小柒(0)初始化成功，开始运行！
[2021-08-19 00:23:53] 执行操作：小柒(0)初始化成功，开始运行！
[2021-08-19 00:25:09] 执行操作：小柒(0)初始化成功，开始运行！
[2021-08-19 00:26:09] 执行操作：小柒(0)初始化成功，开始运行！
[2021-08-19 00:26:29] 执行操作：小柒(0)初始化成功，开始运行！
[2021-08-19 00:28:58] 执行操作：小柒(0)初始化成功，开始运行！
[2021-08-19 14:40:44] 执行操作：小柒(0)初始化成功，开始运行！
[2021-08-19 14:45:23] 执行操作：小柒(0)初始化成功，开始运行！
[2021-08-19 14:45:48] 执行操作：小柒(0)初始化成功，开始运行！
[2021-08-19 14:47:16] 执行操作：小柒(0)初始化成功，开始运行！
[2021-08-19 14:47:51] 执行操作：小柒(0)初始化成功，开始运行！
[2021-08-19 14:48:30] 执行操作：小柒关机！
[2021-08-19 15:57:24] 执行操作：小柒(0)初始化成功，开始运行！
[2021-08-19 15:58:50] 执行操作：小柒(0)初始化成功，开始运行！
[2021-08-19 16:00:55] 执行操作：小柒(0)初始化成功，开始运行！
[2021-08-19 16:02:50] 执行操作：小柒(0)初始化成功，开始运行！
[2021-08-19 16:06:18] 执行操作：小柒(0)初始化成功，开始运行！
[2021-08-19 16:07:31] 执行操作：小柒(0)初始化成功，开始运行！
[2021-08-19 16:09:38] 执行操作：小柒(0)初始化成功，开始运行！
[2021-08-19 16:29:21] 执行操作：小柒(0)初始化成功，开始运行！
[2021-08-19 16:30:30] 执行操作：小柒(0)初始化成功，开始运行！
[2021-08-19 16:33:10] 执行操作：小柒(0)初始化成功，开始运行！
[2021-08-19 16:33:27] 执行操作：小柒(0)初始化成功，开始运行！
[2021-08-19 16:37:24] 执行操作：小柒(0)初始化成功，开始运行！
[2021-08-19 16:41:46] 执行操作：小柒(0)初始化成功，开始运行！
[2021-08-19 16:44:31] 执行操作：小柒(0)初始化成功，开始运行！
[2021-08-19 17:06:50] 执行操作：小柒(0)初始化成功，开始运行！
[2021-08-19 17:10:19] 执行操作：小柒(0)初始化成功，开始运行！
[2021-08-19 17:11:12] 执行操作：小柒(0)初始化成功，开始运行！
[2021-08-19 17:11:43] 执行操作：小柒(0)初始化成功，开始运行！
[2021-08-19 17:14:43] 执行操作：小柒(0)初始化成功，开始运行！
[2021-08-19 17:14:52] 执行操作：小柒(0)初始化成功，开始运行！
[2021-08-19 18:25:35] 执行操作：小柒(0)初始化成功，开始运行！
[2021-08-19 18:26:17] 执行操作：小柒(0)初始化成功，开始运行！
[2021-08-19 18:26:49] 执行操作：小柒(0)初始化成功，开始运行！
[2021-08-19 18:27:12] 执行操作：小柒(0)初始化成功，开始运行！
[2021-08-19 18:27:41] 执行操作：小柒(0)初始化成功，开始运行！
[2021-08-19 18:28:11] 执行操作：小柒(0)初始化成功，开始运行！
[2021-08-19 18:29:23] 执行操作：小柒(0)初始化成功，开始运行！
[2021-08-19 18:30:34] 执行操作：小柒(0)初始化成功，开始运行！
[2021-08-19 18:33:03] 执行操作：小柒(0)初始化成功，开始运行！
[2021-08-19 18:33:26] 执行操作：小柒(0)初始化成功，开始运行！
[2021-08-19 18:33:46] 执行操作：小柒(0)初始化成功，开始运行！
[2021-08-19 18:34:23] 执行操作：小柒(0)初始化成功，开始运行！
[2021-08-19 18:34:30] 执行操作：小柒(0)初始化成功，开始运行！
[2021-08-19 18:37:29] 执行操作：小柒(0)初始化成功，开始运行！
[2021-08-19 18:39:42] 执行操作：小柒(0)初始化成功，开始运行！
[2021-08-19 18:50:25] 执行操作：小柒(0)初始化成功，开始运行！
[2021-08-19 18:50:36] 执行操作：小柒(0)初始化成功，开始运行！
[2021-08-19 18:50:58] 执行操作：小柒(0)初始化成功，开始运行！
[2021-08-19 18:59:15] 执行操作：小柒(0)初始化成功，开始运行！
[2021-08-19 18:59:46] 执行操作：小柒(0)初始化成功，开始运行！
[2021-08-19 19:04:22] 执行操作：小柒(0)初始化成功，开始运行！
[2021-08-19 19:05:31] 执行操作：小柒(0)初始化成功，开始运行！
[2021-08-19 19:06:06] 执行操作：小柒(0)初始化成功，开始运行！
[2021-08-19 19:19:15] 执行操作：小柒(0)初始化成功，开始运行！
[2021-08-19 19:19:25] 执行操作：小柒(0)初始化成功，开始运行！
[2021-08-19 19:23:50] 执行操作：小柒(0)初始化成功，开始运行！
[2021-08-19 19:32:45] 执行操作：小柒(0)初始化成功，开始运行！
[2021-08-19 19:35:49] 执行操作：小柒(0)初始化成功，开始运行！
[2021-08-19 19:36:11] 执行操作：小柒(0)初始化成功，开始运行！
[2021-08-19 19:37:32] 执行操作：小柒(0)初始化成功，开始运行！
[2021-08-19 21:46:54] 执行操作：小柒(0)初始化成功，开始运行！
[2021-08-19 21:51:11] 执行操作：小柒(0)初始化成功，开始运行！
[2021-08-19 21:57:14] 执行操作：小柒(0)初始化成功，开始运行！
[2021-08-19 22:02:19] 执行操作：小柒(0)初始化成功，开始运行！
[2021-08-19 22:05:21] 执行操作：小柒(0)初始化成功，开始运行！
[2021-08-19 22:06:59] 执行操作：小柒(0)初始化成功，开始运行！
[2021-08-19 22:11:49] 执行操作：小柒(0)初始化成功，开始运行！
[2021-08-19 22:13:51] 执行操作：小柒(0)初始化成功，开始运行！
[2021-08-19 22:16:28] 执行操作：小柒关机！
[2021-08-19 22:16:52] 执行操作：小柒(0)初始化成功，开始运行！
[2021-08-19 22:17:55] 执行操作：小柒(0)初始化成功，开始运行！
[2021-08-19 22:19:50] 执行操作：小柒关机！
[2021-08-19 22:20:41] 执行操作：小柒(0)初始化成功，开始运行！
[2021-08-19 22:24:51] 执行操作：小柒(0)初始化成功，开始运行！
[2021-08-19 22:28:49] 执行操作：小柒(0)初始化成功，开始运行！
[2021-08-19 22:32:21] 执行操作：小柒(0)初始化成功，开始运行！
[2021-08-19 22:35:02] 执行操作：小柒(0)初始化成功，开始运行！
[2021-08-19 22:36:44] 执行操作：小柒(0)初始化成功，开始运行！
[2021-08-19 22:37:35] 执行操作：小柒(0)初始化成功，开始运行！
[2021-08-19 22:38:25] 执行操作：小柒(0)初始化成功，开始运行！
[2021-08-19 22:40:01] 执行操作：小柒(0)初始化成功，开始运行！
[2021-08-19 22:41:55](1796143498)<小柒新功能测试群聊/753684495> 执行操作：入群欢迎
[2021-08-19 22:49:10] 执行操作：小柒(0)初始化成功，开始运行！
[2021-08-19 22:54:14] 执行操作：小柒(0)初始化成功，开始运行！
[2021-08-19 23:09:23] 执行操作：小柒(0)初始化成功，开始运行！
[2021-08-19 23:21:46] 执行操作：小柒(0)初始化成功，开始运行！
[2021-08-20 00:12:22] 执行操作：小柒(0)初始化成功，开始运行！
[2021-08-20 00:12:40] 执行操作：小柒(0)初始化成功，开始运行！
[2021-08-20 00:13:20] 执行操作：小柒(0)初始化成功，开始运行！
[2021-08-20 00:13:50] 执行操作：小柒(0)初始化成功，开始运行！
[2021-08-20 09:50:54] 执行操作：小柒(0)初始化成功，开始运行！
[2021-08-20 09:59:07] 执行操作：小柒(0)初始化成功，开始运行！
[2021-08-20 10:10:04] 执行操作：小柒(0)初始化成功，开始运行！
[2021-08-20 10:10:56] 执行操作：小柒(0)初始化成功，开始运行！
[2021-08-20 10:12:18] 执行操作：小柒(0)初始化成功，开始运行！
[2021-08-20 10:16:11] 执行操作：小柒(0)初始化成功，开始运行！
[2021-08-20 15:00:10] 执行操作：小柒(0)初始化成功，开始运行！
[2021-08-20 16:00:34] 执行操作：小柒(0)初始化成功，开始运行！
[2021-08-20 16:01:23] 执行操作：小柒(0)初始化成功，开始运行！
[2021-08-20 16:10:18] 执行操作：小柒(0)初始化成功，开始运行！
[2021-08-20 16:11:07] 执行操作：小柒(0)初始化成功，开始运行！
[2021-08-20 16:12:22] 执行操作：小柒(0)初始化成功，开始运行！
[2021-08-20 16:14:18] 执行操作：小柒(0)初始化成功，开始运行！
[2021-08-20 16:15:05] 执行操作：小柒(0)初始化成功，开始运行！
[2021-08-20 16:15:25] 执行操作：小柒(0)初始化成功，开始运行！
[2021-08-20 16:28:06] 执行操作：小柒(0)初始化成功，开始运行！
[2021-08-20 16:29:02] 执行操作：小柒(0)初始化成功，开始运行！
[2021-08-20 16:30:48] 执行操作：小柒(0)初始化成功，开始运行！
[2021-08-20 16:59:33] 执行操作：小柒(0)初始化成功，开始运行！
[2021-08-20 17:00:59] 执行操作：小柒(0)初始化成功，开始运行！
[2021-08-20 17:03:19] 执行操作：小柒(0)初始化成功，开始运行！
[2021-08-20 17:05:10] 执行操作：小柒(0)初始化成功，开始运行！
[2021-08-20 17:05:53] 执行操作：小柒(0)初始化成功，开始运行！
[2021-08-20 17:14:32] 执行操作：小柒(0)初始化成功，开始运行！
[2021-08-20 17:14:43] 执行操作：小柒关机！
[2021-08-20 17:17:11] 执行操作：小柒(0)初始化成功，开始运行！
[2021-08-20 17:18:02] 执行操作：小柒(0)初始化成功，开始运行！
[2021-08-20 17:18:46] 执行操作：小柒(0)初始化成功，开始运行！
[2021-08-20 17:23:13] 执行操作：小柒(0)初始化成功，开始运行！
[2021-08-20 17:51:10] 执行操作：小柒(0)初始化成功，开始运行！
[2021-08-20 18:06:33] 执行操作：小柒(0)初始化成功，开始运行！
[2021-08-20 18:07:22] 执行操作：小柒(0)初始化成功，开始运行！
[2021-08-20 18:12:52] 执行操作：小柒(0)初始化成功，开始运行！
[2021-08-20 18:14:00] 执行操作：小柒(0)初始化成功，开始运行！
[2021-08-20 18:14:12] 执行操作：小柒(0)初始化成功，开始运行！
[2021-08-20 18:25:04] 执行操作：小柒(0)初始化成功，开始运行！
[2021-08-20 18:27:13] 执行操作：小柒(0)初始化成功，开始运行！
[2021-08-20 18:51:33] 执行操作：小柒(0)初始化成功，开始运行！
[2021-08-20 18:53:23] 执行操作：小柒(0)初始化成功，开始运行！
[2021-08-20 18:56:14] 执行操作：小柒(0)初始化成功，开始运行！
[2021-08-20 18:56:46] 执行操作：小柒(0)初始化成功，开始运行！
[2021-08-20 18:59:11] 执行操作：小柒(0)初始化成功，开始运行！
[2021-08-20 19:00:41] 执行操作：小柒(0)初始化成功，开始运行！
[2021-08-20 21:42:30] 执行操作：小柒(0)初始化成功，开始运行！
[2021-08-21 14:22:08] 执行操作：小柒(0)初始化成功，开始运行！
[2021-08-21 14:22:46] 执行操作：小柒(0)初始化成功，开始运行！
[2021-08-21 14:23:52] 执行操作：小柒(0)初始化成功，开始运行！
[2021-08-21 14:24:31] 执行操作：小柒(0)初始化成功，开始运行！
[2021-08-21 14:25:44] 执行操作：小柒(0)初始化成功，开始运行！
[2021-08-21 14:26:24] 执行操作：小柒(0)初始化成功，开始运行！
[2021-08-21 14:29:47] 执行操作：小柒(0)初始化成功，开始运行！
[2021-08-21 14:33:19] 执行操作：小柒(0)初始化成功，开始运行！
[2021-08-21 14:36:01] 执行操作：小柒(0)初始化成功，开始运行！
[2021-08-21 14:38:47] 执行操作：小柒(0)初始化成功，开始运行！
[2021-08-21 14:40:21] 执行操作：小柒(0)初始化成功，开始运行！
[2021-08-21 14:42:47] 执行操作：小柒(0)初始化成功，开始运行！
[2021-08-21 14:52:32] 执行操作：小柒(0)初始化成功，开始运行！
[2021-08-21 14:53:21] 执行操作：小柒(0)初始化成功，开始运行！
[2021-08-21 14:54:26] 执行操作：小柒(0)初始化成功，开始运行！
[2021-08-21 14:55:54] 执行操作：小柒(0)初始化成功，开始运行！
[2021-08-21 15:02:47] 执行操作：小柒(0)初始化成功，开始运行！
[2021-08-21 15:04:49] 执行操作：小柒(0)初始化成功，开始运行！
[2021-08-21 15:05:05] 执行操作：小柒(0)初始化成功，开始运行！
[2021-08-21 15:06:15] 执行操作：小柒(0)初始化成功，开始运行！
[2021-08-21 15:11:37] 执行操作：小柒(0)初始化成功，开始运行！
[2021-08-21 15:49:29] 执行操作：小柒(0)初始化成功，开始运行！
[2021-08-21 15:50:04] 执行操作：小柒(0)初始化成功，开始运行！
[2021-08-21 15:51:10] 执行操作：小柒(0)初始化成功，开始运行！
[2021-08-21 15:52:04] 执行操作：小柒(0)初始化成功，开始运行！
[2021-08-21 18:24:38] 执行操作：小柒(0)初始化成功，开始运行！
[2021-08-21 18:25:32] 执行操作：小柒(0)初始化成功，开始运行！
[2021-08-21 18:37:27] 执行操作：小柒(0)初始化成功，开始运行！
[2021-08-21 18:38:17] 执行操作：小柒(0)初始化成功，开始运行！
[2021-08-21 18:40:58] 执行操作：小柒(0)初始化成功，开始运行！
[2021-08-21 18:41:31] 执行操作：小柒(0)初始化成功，开始运行！
[2021-08-21 18:51:19] 执行操作：小柒(0)初始化成功，开始运行！
[2021-08-21 18:56:27] 执行操作：小柒(0)初始化成功，开始运行！
[2021-08-21 18:58:54] 执行操作：小柒(0)初始化成功，开始运行！
[2021-08-21 19:00:05] 执行操作：小柒关机！
[2021-08-21 19:00:44] 执行操作：小柒(0)初始化成功，开始运行！
[2021-08-21 19:03:01] 执行操作：小柒(0)初始化成功，开始运行！
[2021-08-21 20:00:40] 执行操作：小柒(0)初始化成功，开始运行！
[2021-08-21 20:02:50] 执行操作：小柒(0)初始化成功，开始运行！
[2021-08-21 20:03:50] 执行操作：小柒(0)初始化成功，开始运行！
[2021-08-21 20:04:42] 执行操作：小柒(0)初始化成功，开始运行！
[2021-08-21 20:05:16] 执行操作：小柒(0)初始化成功，开始运行！
[2021-08-21 20:05:43] 执行操作：小柒(0)初始化成功，开始运行！
[2021-08-21 20:06:22] 执行操作：小柒(0)初始化成功，开始运行！
[2021-08-21 20:22:53] 执行操作：小柒(0)初始化成功，开始运行！
[2021-08-21 20:24:19] 执行操作：小柒(0)初始化成功，开始运行！
[2021-08-21 20:57:16] 执行操作：小柒(0)初始化成功，开始运行！
[2021-08-21 20:58:18] 执行操作：小柒(0)初始化成功，开始运行！
[2021-08-21 20:59:11] 执行操作：小柒(0)初始化成功，开始运行！
[2021-08-21 20:59:48] 执行操作：小柒(0)初始化成功，开始运行！
[2021-08-21 21:00:00] 执行操作：小柒(0)初始化成功，开始运行！
[2021-08-21 21:00:44] 执行操作：小柒(0)初始化成功，开始运行！
[2021-08-21 21:12:45] 执行操作：小柒(0)初始化成功，开始运行！
[2021-08-21 21:22:28] 执行操作：小柒(0)初始化成功，开始运行！
[2021-08-22 13:17:51] 执行操作：小柒(0)初始化成功，开始运行！
[2021-08-22 14:03:35] 执行操作：小柒(0)初始化成功，开始运行！
[2021-08-22 14:04:37] 执行操作：小柒(0)初始化成功，开始运行！
[2021-08-22 14:06:16] 执行操作：小柒(0)初始化成功，开始运行！
[2021-08-22 14:08:17] 执行操作：小柒(0)初始化成功，开始运行！
[2021-08-22 14:08:42] 执行操作：小柒(0)初始化成功，开始运行！
[2021-08-22 14:09:07] 执行操作：小柒(0)初始化成功，开始运行！
[2021-08-22 14:10:29] 执行操作：小柒(0)初始化成功，开始运行！
[2021-08-22 14:12:26] 执行操作：小柒(0)初始化成功，开始运行！
[2021-08-22 14:14:48] 执行操作：小柒(0)初始化成功，开始运行！
[2021-08-22 14:35:02] 执行操作：小柒(0)初始化成功，开始运行！
[2021-08-22 14:36:08] 执行操作：小柒(0)初始化成功，开始运行！
[2021-08-22 14:51:01] 执行操作：小柒(0)初始化成功，开始运行！
[2021-08-22 14:52:03] 执行操作：小柒(0)初始化成功，开始运行！
[2021-08-22 14:53:06] 执行操作：小柒(0)初始化成功，开始运行！
[2021-08-22 14:53:34] 执行操作：小柒(0)初始化成功，开始运行！
[2021-08-22 14:53:57] 执行操作：小柒(0)初始化成功，开始运行！
[2021-08-22 14:55:06] 执行操作：小柒(0)初始化成功，开始运行！
[2021-08-22 14:56:34] 执行操作：小柒关机！
[2021-08-22 14:56:52] 执行操作：小柒(0)初始化成功，开始运行！
[2021-08-22 15:02:18] 执行操作：小柒(0)初始化成功，开始运行！
[2021-08-22 15:18:07] 执行操作：小柒(0)初始化成功，开始运行！
[2021-08-22 15:19:14] 执行操作：小柒(0)初始化成功，开始运行！
[2021-08-22 15:19:35] 执行操作：小柒(0)初始化成功，开始运行！
[2021-08-22 15:24:15] 执行操作：小柒(0)初始化成功，开始运行！
[2021-08-22 15:27:13] 执行操作：小柒(0)初始化成功，开始运行！
[2021-08-22 15:30:01] 执行操作：小柒关机！
[2021-08-22 16:35:36] 执行操作：小柒(0)初始化成功，开始运行！
[2021-08-22 16:37:24] 执行操作：小柒(0)初始化成功，开始运行！
[2021-08-22 16:38:25] 执行操作：小柒(0)初始化成功，开始运行！
[2021-08-22 16:39:00] 执行操作：小柒(0)初始化成功，开始运行！
[2021-08-22 17:30:33] 执行操作：小柒(0)初始化成功，开始运行！
[2021-08-22 17:31:14] 执行操作：小柒(0)初始化成功，开始运行！
[2021-08-22 17:33:12] 执行操作：小柒(0)初始化成功，开始运行！
[2021-08-22 17:49:42] 执行操作：小柒(0)初始化成功，开始运行！
[2021-08-22 18:14:12] 执行操作：小柒(0)初始化成功，开始运行！
[2021-08-22 18:18:27] 执行操作：小柒(0)初始化成功，开始运行！
[2021-08-22 18:19:02] 执行操作：小柒(0)初始化成功，开始运行！
[2021-08-22 18:19:55] 执行操作：小柒(0)初始化成功，开始运行！
[2021-08-22 18:27:52] 执行操作：小柒(0)初始化成功，开始运行！
[2021-08-22 18:37:31] 执行操作：小柒(0)初始化成功，开始运行！
[2021-08-22 18:38:18] 执行操作：小柒(0)初始化成功，开始运行！
[2021-08-22 18:41:27] 执行操作：小柒(0)初始化成功，开始运行！
[2021-08-22 18:44:38] 执行操作：小柒(0)初始化成功，开始运行！
[2021-08-22 18:45:59] 执行操作：小柒(0)初始化成功，开始运行！
[2021-08-22 18:59:08] 执行操作：小柒(0)初始化成功，开始运行！
[2021-08-22 19:00:54] 执行操作：小柒(0)初始化成功，开始运行！
[2021-08-22 19:02:18] 执行操作：小柒关机！
[2021-08-22 19:12:03] 执行操作：小柒(0)初始化成功，开始运行！
[2021-08-22 19:40:43] 执行操作：小柒(0)初始化成功，开始运行！
[2021-08-22 19:41:46] 执行操作：小柒(0)初始化成功，开始运行！
[2021-08-22 19:50:01] 执行操作：小柒(0)初始化成功，开始运行！
[2021-08-22 19:51:43] 执行操作：小柒(0)初始化成功，开始运行！
[2021-08-22 19:56:46] 执行操作：小柒(0)初始化成功，开始运行！
[2021-08-22 20:19:39] 执行操作：小柒(0)初始化成功，开始运行！
[2021-08-23 02:20:45] 执行操作：小柒(0)初始化成功，开始运行！
[2021-08-23 02:24:27] 执行操作：小柒(0)初始化成功，开始运行！
[2021-08-23 14:50:23] 执行操作：小柒(0)初始化成功，开始运行！
[2021-08-23 15:16:00] 执行操作：小柒(0)初始化成功，开始运行！
[2021-08-23 15:16:29] 执行操作：小柒(0)初始化成功，开始运行！
[2021-08-23 15:18:48] 执行操作：小柒(0)初始化成功，开始运行！
[2021-08-23 15:20:19] 执行操作：小柒(0)初始化成功，开始运行！
[2021-08-23 15:21:28](1597867839)<小柒功能测试群聊/479504567> 执行操作：*quit; 小柒退群！
[2021-08-23 18:35:10] 执行操作：小柒(0)初始化成功，开始运行！
[2021-08-23 18:36:07] 执行操作：小柒(0)初始化成功，开始运行！
[2021-08-26 13:36:49] 执行操作：小柒(0)初始化成功，开始运行！
[2021-08-26 13:44:18] 执行操作：小柒(0)初始化成功，开始运行！
[2021-08-26 13:47:14] 执行操作：小柒(0)初始化成功，开始运行！
[2021-08-26 16:07:49] 执行操作：小柒(0)初始化成功，开始运行！
[2021-08-26 16:08:28] 执行操作：小柒(0)初始化成功，开始运行！
[2021-08-26 21:17:14] 执行操作：小柒(0)初始化成功，开始运行！
[2021-08-26 21:23:13] 执行操作：小柒(0)初始化成功，开始运行！
[2021-08-26 21:30:50] 执行操作：小柒(0)初始化成功，开始运行！
[2021-08-26 21:32:39] 执行操作：小柒(0)初始化成功，开始运行！
[2021-08-26 21:33:18] 执行操作：小柒(0)初始化成功，开始运行！
[2021-08-26 21:37:17] 执行操作：小柒(0)初始化成功，开始运行！
[2021-08-26 21:39:02] 执行操作：小柒(0)初始化成功，开始运行！
[2021-08-26 21:39:29] 执行操作：小柒(0)初始化成功，开始运行！
[2021-08-26 21:56:39] 执行操作：小柒(0)初始化成功，开始运行！
[2021-08-26 21:57:07] 执行操作：小柒(0)初始化成功，开始运行！
[2021-08-26 21:58:14] 执行操作：小柒(0)初始化成功，开始运行！
[2021-08-26 22:16:56] 执行操作：小柒(0)初始化成功，开始运行！
[2021-08-26 22:17:09] 执行操作：小柒(0)初始化成功，开始运行！
[2021-08-27 20:46:32] 执行操作：小柒(0)初始化成功，开始运行！
[2021-08-27 20:47:33] 执行操作：小柒(0)初始化成功，开始运行！
[2021-08-27 20:47:56] 执行操作：小柒(0)初始化成功，开始运行！
[2021-08-27 20:48:19] 执行操作：小柒(0)初始化成功，开始运行！
[2021-08-27 20:48:43] 执行操作：小柒(0)初始化成功，开始运行！
[2021-08-27 20:48:58] 执行操作：小柒(0)初始化成功，开始运行！
[2021-08-27 21:17:36] 执行操作：小柒(0)初始化成功，开始运行！
[2021-08-27 21:17:55] 执行操作：小柒(0)初始化成功，开始运行！
[2021-08-27 21:18:47] 执行操作：小柒(0)初始化成功，开始运行！
[2021-08-27 21:19:44] 执行操作：小柒(0)初始化成功，开始运行！
[2021-08-27 21:21:35] 执行操作：小柒(0)初始化成功，开始运行！
[2021-08-27 21:23:01] 执行操作：小柒(0)初始化成功，开始运行！
[2021-08-27 21:23:31](1597867839) 执行操作：添加回复 1 2; 执行结果：添加成功~
[2021-08-27 21:23:37](1597867839) 执行操作：删除回复 1 2; 执行结果：删除成功~！
[2021-08-27 21:24:23] 执行操作：小柒关机！
[2021-08-27 21:25:25] 执行操作：小柒(0)初始化成功，开始运行！
[2021-08-27 21:26:23] 执行操作：小柒(0)初始化成功，开始运行！
[2021-08-27 21:26:40] 执行操作：小柒(0)初始化成功，开始运行！
[2021-08-27 21:28:20] 执行操作：小柒(0)初始化成功，开始运行！
[2021-08-27 21:32:06] 执行操作：小柒(0)初始化成功，开始运行！
[2021-08-27 21:33:05] 执行操作：小柒(0)初始化成功，开始运行！
[2021-08-27 21:33:10](1597867839)<小柒新功能测试群聊/753684495> 执行操作：*quit; 小柒退群！
[2021-08-27 21:34:09] 执行操作：小柒(0)初始化成功，开始运行！
[2021-08-27 21:46:10] 执行操作：小柒的监听模块 启动！
[2021-08-28 10:55:00] 执行操作：小柒(0)初始化成功，开始运行！
[2021-08-28 10:55:45] 执行操作：小柒(0)初始化成功，开始运行！
[2021-08-28 10:56:18] 执行操作：小柒(0)初始化成功，开始运行！
[2021-08-28 11:05:08] 执行操作：小柒(0)初始化成功，开始运行！
[2021-08-28 11:05:29](1597867839) 执行操作：添加回复 1 2 3284586127; 执行结果：添加成功~
[2021-08-28 11:05:40](1597867839) 执行操作：删除回复 1 2 3284586127; 执行结果：删除成功~！
[2021-08-28 11:06:36](1597867839) 执行操作：添加回复 1 2 全体成员; 执行结果：添加成功~
[2021-08-28 11:07:47] 执行操作：小柒(0)初始化成功，开始运行！
[2021-08-28 11:08:37] 执行操作：小柒关机！
[2021-08-28 11:24:05] 执行操作：小柒(0)初始化成功，开始运行！
[2021-08-28 11:24:28](1597867839) 执行操作：添加分组 测试   @1622057984@399608601@3284586127; 执行结果：创建分组成功~
[2021-08-28 11:24:35](1597867839) 执行操作：查看分组 测试; 执行结果：暂时不能查看分组
[2021-08-28 11:24:53](1597867839) 执行操作：添加复杂回复; 执行结果：请在小柒的指引下完成复杂回复的添加~请问你的触发该回复的触发词是什么呢？（只能包含文本和艾特消息，你可以随时输入“*取消创建*”来取消，星号不可以省略哦~）
[2021-08-28 11:25:31](1597867839) 执行操作：删除回复 1 2 全体成员; 执行结果：删除成功~！
[2021-08-28 11:25:44](1597867839) 执行操作：查看复杂回复; 执行结果：开放的复杂回复触发词如下：
1
[2021-08-28 11:26:00](1597867839) 执行操作：添加复杂回复; 执行结果：请在小柒的指引下完成复杂回复的添加~请问你的触发该回复的触发词是什么呢？（只能包含文本和艾特消息，你可以随时输入“*取消创建*”来取消，星号不可以省略哦~）
[2021-08-28 11:26:46] 执行操作：小柒(0)初始化成功，开始运行！
[2021-08-28 11:27:15] 执行操作：小柒(0)初始化成功，开始运行！
[2021-08-28 11:27:52] 执行操作：小柒(0)初始化成功，开始运行！
[2021-08-28 11:28:24] 执行操作：小柒(0)初始化成功，开始运行！
[2021-08-28 11:28:36](1597867839) 执行操作：删除复杂回复 1; 执行结果：删除成功~
[2021-08-28 11:28:40](1597867839) 执行操作：删除复杂回复 测试; 执行结果：删除成功~
[2021-08-28 11:31:33] 执行操作：小柒(0)初始化成功，开始运行！
[2021-08-28 11:31:53] 执行操作：小柒(0)初始化成功，开始运行！
[2021-08-28 11:31:55](1597867839) 执行操作：查看分组 测试; 执行结果：分组<测试>成员如下：
小柒（1622057984）
小捌（399608601）
鹊璃（3284586127）
[2021-08-28 11:32:14](1597867839) 执行操作：查看分组 测试; 执行结果：分组<测试>成员如下：
小柒（1622057984）
小捌（399608601）
[2021-08-28 11:32:36](1597867839) 执行操作：删除分组 测试; 执行结果：删除成功
[2021-08-28 11:32:39](1597867839) 执行操作：贡献者帮助; 执行结果：参见command.py里的帮助内容
[2021-08-28 11:44:42] 执行操作：小柒(0)初始化成功，开始运行！
[2021-08-28 11:47:40] 执行操作：小柒(0)初始化成功，开始运行！
[2021-08-28 11:48:49] 执行操作：小柒(0)初始化成功，开始运行！
[2021-08-28 11:54:41] 执行操作：小柒(0)初始化成功，开始运行！
[2021-08-28 11:54:54](3284586127)<小柒新功能测试群聊/753684495> 执行操作：入群欢迎
[2021-08-28 12:04:32] 执行操作：小柒(0)初始化成功，开始运行！
[2021-08-28 12:04:41](1597867839)<小柒新功能测试群聊/753684495> 执行操作：*quit; 小柒退群！
[2021-08-28 12:06:47] 执行操作：小柒(0)初始化成功，开始运行！
[2021-08-28 12:07:03] 执行操作：小柒(0)初始化成功，开始运行！
[2021-08-28 12:09:02] 执行操作：小柒(0)初始化成功，开始运行！
[2021-08-28 12:09:24] 执行操作：小柒(0)初始化成功，开始运行！
[2021-08-28 12:46:35] 执行操作：小柒(0)初始化成功，开始运行！
[2021-08-28 12:46:51] 执行操作：小柒(0)初始化成功，开始运行！
[2021-08-28 12:47:01](1597867839) 执行操作：添加屏蔽词 挖矿; 执行结果：添加成功~！目前屏蔽词个数：1
[2021-08-28 12:49:47] 执行操作：小柒(0)初始化成功，开始运行！
[2021-08-28 12:51:24] 执行操作：小柒(0)初始化成功，开始运行！
[2021-08-28 12:51:57] 执行操作：小柒(0)初始化成功，开始运行！
[2021-08-28 12:52:29] 执行操作：小柒(0)初始化成功，开始运行！
[2021-08-28 12:54:20] 执行操作：小柒(0)初始化成功，开始运行！
[2021-08-28 12:57:14] 执行操作：小柒(0)初始化成功，开始运行！
[2021-08-28 13:05:59] 执行操作：小柒(0)初始化成功，开始运行！
[2021-08-28 13:08:20] 执行操作：小柒(0)初始化成功，开始运行！
[2021-08-28 13:08:28] 执行操作：小柒(0)初始化成功，开始运行！
[2021-08-28 13:10:01] 执行操作：小柒(0)初始化成功，开始运行！
[2021-08-28 13:10:22] 执行操作：小柒(0)初始化成功，开始运行！
[2021-08-28 13:10:52] 执行操作：小柒(0)初始化成功，开始运行！
[2021-08-28 13:25:27] 执行操作：小柒(0)初始化成功，开始运行！
[2021-08-28 13:25:54] 执行操作：小柒(0)初始化成功，开始运行！
[2021-08-29 15:31:15] 执行操作：小柒(1812322920)初始化成功，开始运行！
[2021-08-29 15:32:11](1597867839) 执行操作：添加复杂回复; 执行结果：请在小柒的指引下完成复杂回复的添加~请问你的触发该回复的触发词是什么呢？（只能包含文本和艾特消息，你可以随时输入“*取消创建*”来取消，星号不可以省略哦~）
[2021-08-29 15:32:48](1597867839) 执行操作：查看复杂回复; 执行结果：开放的复杂回复触发词如下：
测试
[2021-08-29 15:33:08](1597867839) 执行操作：删除复杂回复 测试; 执行结果：删除成功~
[2021-08-29 15:35:36] 执行操作：小柒(1812322920)初始化成功，开始运行！
[2021-08-29 15:42:58] 执行操作：小柒(1812322920)初始化成功，开始运行！
[2021-08-29 15:49:16] 执行操作：小柒(1812322920)初始化成功，开始运行！
[2021-08-29 15:49:27] 执行操作：小柒(1812322920)初始化成功，开始运行！
[2021-08-29 15:49:55] 执行操作：小柒(1812322920)初始化成功，开始运行！
[2021-08-29 15:51:33] 执行操作：小柒(1812322920)初始化成功，开始运行！
[2021-08-29 15:52:35] 执行操作：小柒(1812322920)初始化成功，开始运行！
[2021-08-29 15:54:12] 执行操作：小柒(1812322920)初始化成功，开始运行！
[2021-08-29 15:55:54] 执行操作：小柒关机！
[2021-09-04 18:05:55] 执行操作：小柒(1812322920)初始化成功，开始运行！
[2021-09-04 18:10:46] 执行操作：小柒(1812322920)初始化成功，开始运行！
[2021-09-04 18:10:59] 执行操作：小柒(1812322920)初始化成功，开始运行！
[2021-09-04 18:12:52] 执行操作：小柒(1812322920)初始化成功，开始运行！
[2021-09-04 18:15:55] 执行操作：小柒(1812322920)初始化成功，开始运行！
[2021-09-04 19:42:27] 执行操作：小柒(1812322920)初始化成功，开始运行！
[2021-09-04 19:52:20] 执行操作：小柒(1812322920)初始化成功，开始运行！
[2021-09-04 20:01:53] 执行操作：小柒(1812322920)初始化成功，开始运行！
[2021-09-04 20:03:43] 执行操作：小柒(1812322920)初始化成功，开始运行！
[2021-09-04 20:12:19] 执行操作：小柒(1812322920)初始化成功，开始运行！
[2021-09-05 00:45:51] 执行操作：小柒(1812322920)初始化成功，开始运行！
[2021-09-05 00:47:22] 执行操作：小柒关机！
[2021-09-06 19:34:24] 执行操作：小柒(1812322920)初始化成功，开始运行！
[2021-09-06 19:34:52] 执行操作：小柒(1812322920)初始化成功，开始运行！
[2021-09-06 19:35:32] 执行操作：小柒(1812322920)初始化成功，开始运行！
[2021-09-06 19:36:45] 执行操作：小柒(1812322920)初始化成功，开始运行！
[2021-09-06 19:37:28] 执行操作：小柒(1812322920)初始化成功，开始运行！
[2021-09-07 11:15:41] 执行操作：小柒(1812322920)初始化成功，开始运行！
[2021-09-07 16:22:49] 执行操作：小柒(1812322920)初始化成功，开始运行！
[2021-09-07 16:24:18] 执行操作：小柒(1812322920)初始化成功，开始运行！
[2021-09-07 16:26:03] 执行操作：小柒(1812322920)初始化成功，开始运行！
[2021-09-07 16:44:25] 执行操作：小柒(1812322920)初始化成功，开始运行！
[2021-09-07 16:49:20] 执行操作：小柒(1812322920)初始化成功，开始运行！
[2021-09-07 16:51:21] 执行操作：小柒(1812322920)初始化成功，开始运行！
[2021-09-07 16:52:26] 执行操作：小柒(1812322920)初始化成功，开始运行！
[2021-09-07 16:53:09] 执行操作：小柒(1812322920)初始化成功，开始运行！
[2021-09-07 16:57:03] 执行操作：小柒(1812322920)初始化成功，开始运行！
[2021-09-07 17:14:09] 执行操作：小柒(1812322920)初始化成功，开始运行！
[2021-09-07 17:16:08] 执行操作：小柒(1812322920)初始化成功，开始运行！
[2021-09-07 17:17:49] 执行操作：小柒(1812322920)初始化成功，开始运行！
[2021-09-07 17:23:38] 执行操作：小柒(1812322920)初始化成功，开始运行！
[2021-09-07 17:24:08] 执行操作：小柒(1812322920)初始化成功，开始运行！
[2021-09-07 17:25:37] 执行操作：小柒(1812322920)初始化成功，开始运行！
[2021-09-07 17:26:05] 执行操作：小柒(1812322920)初始化成功，开始运行！
[2021-09-07 17:26:34] 执行操作：小柒(1812322920)初始化成功，开始运行！
[2021-09-07 17:28:48] 执行操作：小柒(1812322920)初始化成功，开始运行！
[2021-09-07 17:30:03] 执行操作：小柒(1812322920)初始化成功，开始运行！
[2021-09-07 17:33:13] 执行操作：小柒(1812322920)初始化成功，开始运行！
[2021-09-07 17:39:24] 执行操作：小柒(1812322920)初始化成功，开始运行！
[2021-09-07 17:42:39] 执行操作：小柒(1812322920)初始化成功，开始运行！
[2021-09-07 17:47:15] 执行操作：小柒(1812322920)初始化成功，开始运行！
[2021-09-07 21:47:06] 执行操作：小柒(1812322920)初始化成功，开始运行！
[2021-09-07 21:47:32] 执行操作：小柒关机！
[2021-09-07 21:48:07] 执行操作：小柒(1812322920)初始化成功，开始运行！
[2021-09-07 21:49:03] 执行操作：小柒(1812322920)初始化成功，开始运行！
[2021-09-07 21:51:53] 执行操作：小柒(1812322920)初始化成功，开始运行！
[2021-09-07 21:55:08] 执行操作：小柒(1812322920)初始化成功，开始运行！
[2021-09-07 21:55:38](3284586127)<小柒新功能测试群聊/753684495> 执行操作：入群欢迎
[2021-09-07 23:44:26] 执行操作：小柒(1812322920)初始化成功，开始运行！
[2021-09-07 23:51:03] 执行操作：小柒(1812322920)初始化成功，开始运行！
[2021-09-07 23:56:07] 执行操作：小柒(1812322920)初始化成功，开始运行！
[2021-09-07 23:59:56] 执行操作：小柒(1812322920)初始化成功，开始运行！
[2021-09-08 00:02:06] 执行操作：小柒(1812322920)初始化成功，开始运行！
[2021-09-08 00:03:15] 执行操作：小柒(1812322920)初始化成功，开始运行！
[2021-09-08 00:10:04] 执行操作：小柒(1812322920)初始化成功，开始运行！
[2021-09-08 00:10:39] 执行操作：小柒(1812322920)初始化成功，开始运行！
[2021-09-08 00:11:23] 执行操作：小柒关机！
[2021-09-08 00:38:45] 执行操作：小柒(1812322920)初始化成功，开始运行！
[2021-09-08 00:39:15] 执行操作：小柒(1812322920)初始化成功，开始运行！
[2021-09-08 00:41:02] 执行操作：小柒(1812322920)初始化成功，开始运行！
[2021-09-08 00:46:52] 执行操作：小柒(1812322920)初始化成功，开始运行！
[2021-09-08 00:48:34] 执行操作：小柒(1812322920)初始化成功，开始运行！
[2021-09-08 23:12:01] 执行操作：小柒(1812322920)初始化成功，开始运行！
[2021-09-08 23:13:07] 执行操作：小柒(1812322920)初始化成功，开始运行！
[2021-09-08 23:13:43] 执行操作：小柒(1812322920)初始化成功，开始运行！
[2021-09-08 23:16:33] 执行操作：小柒(1812322920)初始化成功，开始运行！
[2021-09-09 00:35:42] 执行操作：小柒(1812322920)初始化成功，开始运行！
[2021-09-09 00:54:55] 执行操作：小柒(1812322920)初始化成功，开始运行！
[2021-09-09 00:55:21](1597867839) 执行操作：查看屏蔽词; 执行结果：开启的屏蔽词如下：
挖矿
[2021-09-09 00:55:34](1597867839) 执行操作：删除屏蔽词 挖矿; 执行结果：删除成功目前屏蔽词个数：0
[2021-09-09 00:55:57] 执行操作：小柒(1812322920)初始化成功，开始运行！
[2021-09-09 00:56:52] 执行操作：小柒(1812322920)初始化成功，开始运行！
[2021-09-09 00:58:05] 执行操作：小柒(1812322920)初始化成功，开始运行！
[2021-09-09 16:53:11] 执行操作：小柒(1812322920)初始化成功，开始运行！
[2021-09-09 16:58:32] 执行操作：小柒(1812322920)初始化成功，开始运行！
[2021-09-09 17:02:36] 执行操作：小柒(1812322920)初始化成功，开始运行！
[2021-09-09 23:48:46] 执行操作：小柒(1812322920)初始化成功，开始运行！
[2021-09-09 23:50:27](1597867839) 执行操作：添加复杂回复; 执行结果：请在小柒的指引下完成复杂回复的添加~请问你的触发该回复的触发词是什么呢？（只能包含文本和艾特消息，你可以随时输入“*取消创建*”来取消，星号不可以省略哦~）
[2021-09-09 23:50:55] 执行操作：小柒(1812322920)初始化成功，开始运行！
[2021-09-09 23:50:57](1597867839) 执行操作：删除复杂回复 1; 执行结果：删除成功~
[2021-09-09 23:51:05](1597867839) 执行操作：添加复杂回复; 执行结果：请在小柒的指引下完成复杂回复的添加~请问你的触发该回复的触发词是什么呢？（只能包含文本和艾特消息，你可以随时输入“*取消创建*”来取消，星号不可以省略哦~）
[2021-09-09 23:52:18] 执行操作：小柒(1812322920)初始化成功，开始运行！
[2021-09-09 23:52:39](1597867839) 执行操作：删除复杂回复 1; 执行结果：删除成功~
[2021-09-09 23:52:47](1597867839) 执行操作：添加复杂回复; 执行结果：请在小柒的指引下完成复杂回复的添加~请问你的触发该回复的触发词是什么呢？（只能包含文本和艾特消息，你可以随时输入“*取消创建*”来取消，星号不可以省略哦~）
[2021-09-09 23:53:07](1597867839) 执行操作：删除复杂回复 1; 执行结果：删除成功~
[2021-09-09 23:53:20] 执行操作：小柒(1812322920)初始化成功，开始运行！
[2021-09-09 23:53:30](1597867839) 执行操作：添加复杂回复; 执行结果：请在小柒的指引下完成复杂回复的添加~请问你的触发该回复的触发词是什么呢？（只能包含文本和艾特消息，你可以随时输入“*取消创建*”来取消，星号不可以省略哦~）
[2021-09-09 23:55:54] 执行操作：小柒(1812322920)初始化成功，开始运行！
[2021-09-09 23:59:01] 执行操作：小柒(1812322920)初始化成功，开始运行！
[2021-09-13 08:20:06] 执行操作：小柒(1812322920)初始化成功，开始运行！
[2021-09-13 08:20:41] 执行操作：小柒关机！
[2021-09-13 20:17:45] 执行操作：小柒(1812322920)初始化成功，开始运行！
[2021-09-13 20:19:19] 执行操作：小柒(1812322920)初始化成功，开始运行！
[2021-09-13 20:22:06] 执行操作：小柒(1812322920)初始化成功，开始运行！
[2021-09-13 20:24:41] 执行操作：小柒(1812322920)初始化成功，开始运行！
[2021-09-13 20:24:41] 执行操作：已重置打卡日期到：2021-09-13
[2021-09-13 20:25:13] 执行操作：小柒(1812322920)初始化成功，开始运行！
[2021-09-13 20:26:14] 执行操作：已重置打卡日期到：2021-09-13
[2021-09-13 20:29:07] 执行操作：小柒(1812322920)初始化成功，开始运行！
[2021-09-13 20:29:07] 执行操作：已重置打卡日期到：2021-09-13
[2021-09-13 20:29:34] 执行操作：小柒(1812322920)初始化成功，开始运行！
[2021-09-13 20:29:35] 执行操作：已重置打卡日期到：2021-09-13
[2021-09-13 20:30:26] 执行操作：小柒关机！
[2021-09-13 21:33:39] 执行操作：小柒(1812322920)初始化成功，开始运行！
[2021-09-13 21:44:36] 执行操作：小柒(1812322920)初始化成功，开始运行！
[2021-09-13 21:50:52] 执行操作：小柒(1812322920)初始化成功，开始运行！
[2021-09-13 21:51:15] 执行操作：小柒(1812322920)初始化成功，开始运行！
[2021-09-14 14:57:56] 执行操作：小柒(1812322920)初始化成功，开始运行！
[2021-09-14 14:58:11](1597867839) 执行操作：查看复杂回复; 执行结果：开放的复杂回复触发词如下：
1
[2021-09-14 14:58:16](1597867839) 执行操作：删除复杂回复 1; 执行结果：删除成功~
[2021-09-14 14:59:12] 执行操作：小柒(1812322920)初始化成功，开始运行！
[2021-09-14 14:59:19](1597867839)<小柒新功能测试群聊/753684495> 执行操作：打卡列表; 执行结果：暂无任何打卡~
[2021-09-14 14:59:26](1597867839)<小柒新功能测试群聊/753684495> 执行操作：添加打卡测试; 执行结果：添加成功！群成员可以输入“加入测试打卡”
[2021-09-14 14:59:33](1597867839)<小柒新功能测试群聊/753684495> 执行操作：打卡列表; 执行结果：本群现有打卡如下：
测试
[2021-09-14 14:59:38](1597867839)<小柒新功能测试群聊/753684495> 执行操作：添加打卡测试; 执行结果：添加失败！已有同名的打卡计划或者打卡已满10个
[2021-09-14 14:59:46](1597867839)<小柒新功能测试群聊/753684495> 执行操作：删除打卡测试; 执行结果：删除成功！
[2021-09-14 14:59:51](1597867839)<小柒新功能测试群聊/753684495> 执行操作：打卡列表; 执行结果：暂无任何打卡~
[2021-09-14 14:59:58] 执行操作：小柒关机！
[2021-09-14 15:13:39] 执行操作：小柒(1812322920)初始化成功，开始运行！
[2021-09-14 15:13:56](1597867839)<小柒新功能测试群聊/753684495> 执行操作：添加打卡测试; 执行结果：添加成功！群成员可以输入“加入打卡测试”
[2021-09-14 15:14:00](1597867839)<小柒新功能测试群聊/753684495> 执行操作：查看打卡测试; 执行结果：打卡<测试>情况如下：
提醒时间-220
总结时间-220
参与打卡的成员：
[2021-09-14 15:31:58] 执行操作：小柒(1812322920)初始化成功，开始运行！
[2021-09-14 15:32:06](1597867839)<小柒新功能测试群聊/753684495> 执行操作：打卡列表; 执行结果：本群现有打卡如下：
测试
[2021-09-14 15:32:11](1597867839)<小柒新功能测试群聊/753684495> 执行操作：加入打卡测试; 执行结果：加入打卡测试成功
你可以输入“打卡测试”来进行打卡
输入“退出打卡测试”来退出
[2021-09-14 15:32:44] 执行操作：小柒(1812322920)初始化成功，开始运行！
[2021-09-14 15:32:50](1597867839)<小柒新功能测试群聊/753684495> 执行操作：查看打卡测试; 执行结果：打卡<测试>情况如下：
提醒时间-22：0
总结时间-22：0
参与打卡的成员：
[2021-09-14 15:34:27](1597867839)<小柒新功能测试群聊/753684495> 执行操作：打卡列表; 执行结果：本群现有打卡如下：
测试
[2021-09-14 15:34:37] 执行操作：小柒(1812322920)初始化成功，开始运行！
[2021-09-14 15:35:01] 执行操作：小柒(1812322920)初始化成功，开始运行！
[2021-09-14 15:35:05](1597867839)<小柒新功能测试群聊/753684495> 执行操作：打卡列表; 执行结果：本群现有打卡如下：
测试（0人）
[2021-09-14 15:35:11](1597867839)<小柒新功能测试群聊/753684495> 执行操作：加入打卡测试; 执行结果：加入打卡测试成功
你可以输入“打卡测试”来进行打卡
输入“退出打卡测试”来退出
[2021-09-14 15:35:16](1597867839)<小柒新功能测试群聊/753684495> 执行操作：打卡列表; 执行结果：本群现有打卡如下：
测试（1人）
[2021-09-14 15:35:21](1597867839)<小柒新功能测试群聊/753684495> 执行操作：查看打卡测试; 执行结果：打卡<测试>情况如下：
提醒时间-22：0
总结时间-22：0
参与打卡的成员：
[2021-09-14 15:36:09] 执行操作：小柒(1812322920)初始化成功，开始运行！
[2021-09-14 15:37:16] 执行操作：小柒(1812322920)初始化成功，开始运行！
[2021-09-14 15:37:25](1597867839)<小柒新功能测试群聊/753684495> 执行操作：查看打卡测试; 执行结果：打卡<测试>情况如下：
提醒时间-22：0
总结时间-22：0
参与打卡的成员：
墨羽翎玖<1597867839>：未签（连续0天） 
[2021-09-14 15:38:09](1597867839)<小柒新功能测试群聊/753684495> 执行操作：加入打卡测试2; 执行结果：不存在打卡测试2
[2021-09-14 15:38:15](1597867839)<小柒新功能测试群聊/753684495> 执行操作：加入打卡测试; 执行结果：你已在打卡测试中
[2021-09-14 15:38:37](1597867839)<小柒新功能测试群聊/753684495> 执行操作：打卡列表; 执行结果：本群现有打卡如下：
测试（1人）
[2021-09-14 15:38:52] 执行操作：小柒(1812322920)初始化成功，开始运行！
[2021-09-14 15:39:00](1597867839)<小柒新功能测试群聊/753684495> 执行操作：打卡列表; 执行结果：本群现有打卡如下：
测试（1人）
[2021-09-14 15:39:08](1597867839)<小柒新功能测试群聊/753684495> 执行操作：退出打卡测试2; 执行结果：不存在打卡测试2
[2021-09-14 15:39:15](1597867839)<小柒新功能测试群聊/753684495> 执行操作：退出打卡测试; 执行结果：退出打卡测试成功
[2021-09-14 15:39:19](1597867839)<小柒新功能测试群聊/753684495> 执行操作：查看打卡测试; 执行结果：打卡<测试>情况如下：
提醒时间-22：0
总结时间-22：0
参与打卡的成员：
[2021-09-14 15:39:24](1597867839)<小柒新功能测试群聊/753684495> 执行操作：打卡列表; 执行结果：本群现有打卡如下：
测试（0人）
[2021-09-14 15:39:29](1597867839)<小柒新功能测试群聊/753684495> 执行操作：退出打卡测试; 执行结果：你不在打卡测试中
[2021-09-14 15:39:35](1597867839)<小柒新功能测试群聊/753684495> 执行操作：删除打卡测试; 执行结果：删除成功！
[2021-09-14 15:39:39](1597867839)<小柒新功能测试群聊/753684495> 执行操作：打卡列表; 执行结果：暂无任何打卡~
[2021-09-14 15:50:30] 执行操作：小柒(1812322920)初始化成功，开始运行！
[2021-09-14 15:50:42](1597867839)<小柒新功能测试群聊/753684495> 执行操作：添加打卡测试; 执行结果：添加成功！群成员可以输入“加入打卡测试”
[2021-09-14 15:50:48](1597867839)<小柒新功能测试群聊/753684495> 执行操作：打卡测试; 执行结果：不存在打卡<>
[2021-09-14 15:51:02] 执行操作：小柒(1812322920)初始化成功，开始运行！
[2021-09-14 15:51:39] 执行操作：小柒(1812322920)初始化成功，开始运行！
[2021-09-14 15:51:43](1597867839)<小柒新功能测试群聊/753684495> 执行操作：打卡列表; 执行结果：本群现有打卡如下：
测试（0人）
[2021-09-14 15:51:48](1597867839)<小柒新功能测试群聊/753684495> 执行操作：打卡测试; 执行结果：你没有加入打卡<测试>
[2021-09-14 15:51:57](1597867839)<小柒新功能测试群聊/753684495> 执行操作：打卡测试2; 执行结果：不存在打卡<测试2>
[2021-09-14 15:52:04](1597867839)<小柒新功能测试群聊/753684495> 执行操作：加入打卡测试; 执行结果：加入打卡测试成功
你可以输入“打卡测试”来进行打卡
输入“退出打卡测试”来退出
[2021-09-14 15:52:12](1597867839)<小柒新功能测试群聊/753684495> 执行操作：打卡测试; 执行结果：打卡测试成功！已经连续打卡0天
[2021-09-14 15:52:20](1597867839)<小柒新功能测试群聊/753684495> 执行操作：打卡测试; 执行结果：你今天已经打过卡了~
[2021-09-14 15:52:33] 执行操作：小柒(1812322920)初始化成功，开始运行！
[2021-09-14 15:52:36](1597867839)<小柒新功能测试群聊/753684495> 执行操作：打卡列表; 执行结果：本群现有打卡如下：
测试（1人）
[2021-09-14 15:52:39](1597867839)<小柒新功能测试群聊/753684495> 执行操作：查看打卡测试; 执行结果：打卡<测试>情况如下：
提醒时间-22：0
总结时间-0：0
参与打卡的成员：
墨羽翎玖<1597867839>：已签（连续0天） 
[2021-09-14 15:54:29] 执行操作：小柒(1812322920)初始化成功，开始运行！
[2021-09-14 16:18:27] 执行操作：小柒(1812322920)初始化成功，开始运行！
[2021-09-14 16:21:37] 执行操作：小柒(1812322920)初始化成功，开始运行！
[2021-09-14 16:26:23] 执行操作：小柒(1812322920)初始化成功，开始运行！
[2021-09-14 19:10:53] 执行操作：小柒(1812322920)初始化成功，开始运行！
[2021-09-14 19:12:27] 执行操作：小柒(1812322920)初始化成功，开始运行！
[2021-09-14 19:13:23](1597867839)<小柒新功能测试群聊/753684495> 执行操作：打卡列表; 执行结果：本群现有打卡如下：
测试（1人）
[2021-09-14 19:13:30](1597867839)<小柒新功能测试群聊/753684495> 执行操作：添加打卡测试2; 执行结果：添加成功！群成员可以输入“加入打卡测试2”
[2021-09-14 19:13:33](1597867839)<小柒新功能测试群聊/753684495> 执行操作：加入打卡测试2; 执行结果：加入打卡测试2成功
你可以输入“打卡测试2”来进行打卡
输入“退出打卡测试2”来退出
[2021-09-14 19:13:42](1597867839)<小柒新功能测试群聊/753684495> 执行操作：查看打卡测试2; 执行结果：打卡<测试2>情况如下：
提醒时间-19：14
总结时间-0：0
参与打卡的成员：
墨羽翎玖<1597867839>：未签（连续0天） 
[2021-09-14 19:14:52](1597867839)<小柒新功能测试群聊/753684495> 执行操作：删除打卡测试; 执行结果：删除成功！
[2021-09-14 19:14:57](1597867839)<小柒新功能测试群聊/753684495> 执行操作：删除打卡测试2; 执行结果：删除成功！
[2021-09-14 19:21:57] 执行操作：小柒(1812322920)初始化成功，开始运行！
[2021-09-14 19:22:10](1597867839)<小柒新功能测试群聊/753684495> 执行操作：添加打卡测试; 执行结果：添加成功！群成员可以输入“加入打卡测试”
[2021-09-14 19:22:14](1597867839)<小柒新功能测试群聊/753684495> 执行操作：加入打卡测试; 执行结果：加入打卡测试成功
你可以输入“打卡测试”来进行打卡
输入“退出打卡测试”来退出
[2021-09-14 19:22:19](1597867839)<小柒新功能测试群聊/753684495> 执行操作：查看打卡测试; 执行结果：打卡<测试>情况如下：
提醒时间-19：23
总结时间-0：0
参与打卡的成员：
墨羽翎玖<1597867839>：未签（连续0天） 
[2021-09-14 19:24:55] 执行操作：小柒(1812322920)初始化成功，开始运行！
[2021-09-14 19:25:08](1597867839)<小柒新功能测试群聊/753684495> 执行操作：删除打卡测试; 执行结果：删除成功！
[2021-09-14 19:25:12](1597867839)<小柒新功能测试群聊/753684495> 执行操作：添加打卡测试; 执行结果：添加成功！群成员可以输入“加入打卡测试”
[2021-09-14 19:25:15](1597867839)<小柒新功能测试群聊/753684495> 执行操作：加入打卡测试; 执行结果：加入打卡测试成功
你可以输入“打卡测试”来进行打卡
输入“退出打卡测试”来退出
[2021-09-14 19:25:17](1597867839)<小柒新功能测试群聊/753684495> 执行操作：查看打卡测试; 执行结果：打卡<测试>情况如下：
提醒时间-19：25
总结时间-0：0
参与打卡的成员：
墨羽翎玖<1597867839>：未签（连续0天） 
[2021-09-14 19:27:50] 执行操作：小柒(1812322920)初始化成功，开始运行！
[2021-09-14 19:27:57](1597867839)<小柒新功能测试群聊/753684495> 执行操作：删除打卡测试; 执行结果：删除成功！
[2021-09-14 19:28:00](1597867839)<小柒新功能测试群聊/753684495> 执行操作：添加打卡测试; 执行结果：添加成功！群成员可以输入“加入打卡测试”
[2021-09-14 19:28:02](1597867839)<小柒新功能测试群聊/753684495> 执行操作：加入打卡测试; 执行结果：加入打卡测试成功
你可以输入“打卡测试”来进行打卡
输入“退出打卡测试”来退出
[2021-09-14 19:28:08](1597867839)<小柒新功能测试群聊/753684495> 执行操作：查看打卡测试; 执行结果：打卡<测试>情况如下：
提醒时间-19：28
总结时间-0：0
参与打卡的成员：
墨羽翎玖<1597867839>：未签（连续0天） 
[2021-09-14 19:29:54](1597867839)<小柒新功能测试群聊/753684495> 执行操作：查看打卡测试; 执行结果：打卡<测试>情况如下：
提醒时间-19：28
总结时间-0：0
参与打卡的成员：
墨羽翎玖<1597867839>：未签（连续0天） 
[2021-09-14 19:30:54] 执行操作：小柒(1812322920)初始化成功，开始运行！
[2021-09-14 19:31:02](1597867839)<小柒新功能测试群聊/753684495> 执行操作：删除打卡测试; 执行结果：删除成功！
[2021-09-14 19:31:05](1597867839)<小柒新功能测试群聊/753684495> 执行操作：添加打卡测试; 执行结果：添加成功！群成员可以输入“加入打卡测试”
[2021-09-14 19:31:07](1597867839)<小柒新功能测试群聊/753684495> 执行操作：加入打卡测试; 执行结果：加入打卡测试成功
你可以输入“打卡测试”来进行打卡
输入“退出打卡测试”来退出
[2021-09-14 19:31:10](1597867839)<小柒新功能测试群聊/753684495> 执行操作：查看打卡测试; 执行结果：打卡<测试>情况如下：
提醒时间-19：31
总结时间-0：0
参与打卡的成员：
墨羽翎玖<1597867839>：未签（连续0天） 
[2021-09-14 19:32:28](1597867839)<小柒新功能测试群聊/753684495> 执行操作：打卡测试; 执行结果：打卡测试成功！已经连续打卡1天
[2021-09-14 19:33:10] 执行操作：小柒关机！
[2021-09-14 23:55:42] 执行操作：小柒(1812322920)初始化成功，开始运行！
[2021-09-14 23:57:52] 执行操作：小柒(1812322920)初始化成功，开始运行！
[2021-09-14 23:58:00](1597867839)<小柒新功能测试群聊/753684495> 执行操作：添加打卡测试; 执行结果：添加失败！已有同名的打卡计划或者打卡已满10个
[2021-09-14 23:58:05](1597867839)<小柒新功能测试群聊/753684495> 执行操作：查看打卡测试; 执行结果：打卡<测试>情况如下：
提醒时间-19:31
总结时间-19:31
参与打卡的成员：
墨羽翎玖<1597867839>：已签（连续1天） 
[2021-09-20 08:58:56] 执行操作：小柒(1812322920)初始化成功，开始运行！
[2021-09-20 08:59:09] 执行操作：小柒(1812322920)初始化成功，开始运行！
[2021-09-20 09:00:52] 执行操作：小柒关机！
[2021-09-20 17:57:29] 执行操作：小柒(1812322920)初始化成功，开始运行！
[2021-09-20 17:57:41](1597867839)<小柒新功能测试群聊/753684495> 执行操作：*quit; 小柒退群！
[2021-09-20 18:03:16] 执行操作：小柒(1812322920)初始化成功，开始运行！
[2021-09-20 18:06:26] 执行操作：小柒(1812322920)初始化成功，开始运行！
[2021-09-20 18:17:33] 执行操作：小柒(1812322920)初始化成功，开始运行！
[2021-09-20 18:19:36] 执行操作：小柒(1812322920)初始化成功，开始运行！
[2021-09-20 19:27:35] 执行操作：小柒(1812322920)初始化成功，开始运行！
[2021-09-20 19:29:20] 执行操作：小柒关机！
[2021-09-20 20:27:45] 执行操作：小柒(1812322920)初始化成功，开始运行！
[2021-09-20 20:29:35] 执行操作：小柒(1812322920)初始化成功，开始运行！
[2021-09-20 20:30:14] 执行操作：小柒(1812322920)初始化成功，开始运行！
[2021-09-20 20:39:56] 执行操作：小柒关机！
[2021-09-20 20:45:33] 执行操作：小柒(1812322920)初始化成功，开始运行！
[2021-09-20 20:45:58] 执行操作：小柒关机！
[2021-09-20 20:46:44] 执行操作：小柒(1812322920)初始化成功，开始运行！
[2021-09-20 20:48:45] 执行操作：小柒(1812322920)初始化成功，开始运行！
[2021-09-20 20:49:08] 执行操作：小柒(1812322920)初始化成功，开始运行！
[2021-09-20 20:50:16] 执行操作：小柒(1812322920)初始化成功，开始运行！
[2021-09-20 20:50:50] 执行操作：小柒(1812322920)初始化成功，开始运行！
[2021-09-20 20:52:39] 执行操作：小柒(1812322920)初始化成功，开始运行！
[2021-09-20 20:53:43] 执行操作：小柒(1812322920)初始化成功，开始运行！
[2021-09-20 20:59:44] 执行操作：小柒关机！
[2021-09-20 21:21:25] 执行操作：小柒(1812322920)初始化成功，开始运行！
[2021-09-20 21:23:49](3284586127)<小柒新功能测试群聊/753684495> 执行操作：入群欢迎
[2021-09-20 21:26:18] 执行操作：小柒(1812322920)初始化成功，开始运行！
[2021-09-20 21:31:16] 执行操作：小柒(1812322920)初始化成功，开始运行！
[2021-09-20 21:32:05](3284586127)<小柒新功能测试群聊/753684495> 执行操作：入群欢迎
[2021-09-21 11:14:48] 执行操作：小柒(1812322920)初始化成功，开始运行！
[2021-09-21 11:18:08](3284586127)<小柒新功能测试群聊/753684495> 执行操作：入群欢迎
[2021-09-21 11:19:49] 执行操作：小柒(1812322920)初始化成功，开始运行！
[2021-09-21 11:39:15] 执行操作：小柒(1812322920)初始化成功，开始运行！
[2021-09-21 11:39:51] 执行操作：小柒关机！
[2021-09-21 11:40:30] 执行操作：小柒(1812322920)初始化成功，开始运行！
[2021-09-21 11:40:57] 执行操作：小柒(1812322920)初始化成功，开始运行！
[2021-09-21 11:42:10] 执行操作：小柒(1812322920)初始化成功，开始运行！
[2021-09-21 11:48:20] 执行操作：小柒(1812322920)初始化成功，开始运行！
[2021-09-21 11:49:20] 执行操作：小柒(1812322920)初始化成功，开始运行！
[2021-09-21 11:55:12] 执行操作：小柒(1812322920)初始化成功，开始运行！
[2021-09-21 13:59:26] 执行操作：小柒(1812322920)初始化成功，开始运行！
[2021-09-21 14:01:01] 执行操作：小柒(1812322920)初始化成功，开始运行！
[2021-09-21 14:11:47] 执行操作：小柒(1812322920)初始化成功，开始运行！
[2021-09-21 14:29:03] 执行操作：小柒(1812322920)初始化成功，开始运行！
[2021-09-21 14:34:16] 执行操作：小柒(1812322920)初始化成功，开始运行！
[2021-09-21 15:18:16] 执行操作：小柒(1812322920)初始化成功，开始运行！
[2021-09-21 15:22:47] 执行操作：小柒(1812322920)初始化成功，开始运行！
[2021-09-21 15:29:27] 执行操作：小柒(1812322920)初始化成功，开始运行！
[2021-09-21 15:31:06] 执行操作：小柒(1812322920)初始化成功，开始运行！
[2021-09-21 19:27:33] 执行操作：小柒(1812322920)初始化成功，开始运行！
[2021-09-21 19:28:22] 执行操作：小柒(1812322920)初始化成功，开始运行！
[2021-09-21 19:29:11] 执行操作：小柒(1812322920)初始化成功，开始运行！
[2021-09-21 19:30:30] 执行操作：小柒(1812322920)初始化成功，开始运行！
[2021-09-21 19:31:09](1597867839)<小柒新功能测试群聊/753684495> 执行操作：删除打卡测试; 执行结果：删除成功！
[2021-09-21 19:31:28] 执行操作：小柒(1812322920)初始化成功，开始运行！
[2021-09-21 19:32:06] 执行操作：小柒(1812322920)初始化成功，开始运行！
[2021-09-21 19:33:32] 执行操作：小柒(1812322920)初始化成功，开始运行！
[2021-09-21 19:33:59] 执行操作：小柒关机！
[2021-09-21 23:46:32] 执行操作：小柒(1812322920)初始化成功，开始运行！
[2021-09-21 23:58:52] 执行操作：小柒(1812322920)初始化成功，开始运行！
[2021-09-21 23:59:16] 执行操作：小柒关机！
[2021-09-22 00:17:38] 执行操作：小柒(1812322920)初始化成功，开始运行！
[2021-09-22 00:18:25] 执行操作：小柒关机！
[2021-09-22 00:19:34] 执行操作：小柒(1812322920)初始化成功，开始运行！
[2021-09-22 08:02:03] 执行操作：小柒(1812322920)初始化成功，开始运行！
[2021-09-22 08:44:47] 执行操作：小柒(1812322920)初始化成功，开始运行！
[2021-09-24 13:35:28] 执行操作：小柒(1812322920)初始化成功，开始运行！
[2021-09-24 13:36:13] 执行操作：小柒(1812322920)初始化成功，开始运行！
[2021-09-24 13:39:10] 执行操作：小柒(1812322920)初始化成功，开始运行！
[2021-09-24 13:42:35] 执行操作：小柒(1812322920)初始化成功，开始运行！
[2021-09-24 13:44:03] 执行操作：小柒(1812322920)初始化成功，开始运行！
[2021-09-24 13:45:02] 执行操作：小柒(1812322920)初始化成功，开始运行！
[2021-09-24 13:46:13] 执行操作：小柒(1812322920)初始化成功，开始运行！
[2021-09-24 13:48:14] 执行操作：小柒(1812322920)初始化成功，开始运行！
[2021-09-25 16:15:52] 执行操作：小柒(1812322920)初始化成功，开始运行！
[2021-09-25 16:16:43] 执行操作：小柒(1812322920)初始化成功，开始运行！
[2021-09-25 16:21:45] 执行操作：小柒(1812322920)初始化成功，开始运行！
[2021-09-25 16:24:23] 执行操作：小柒(1812322920)初始化成功，开始运行！
[2021-09-25 17:34:40] 执行操作：小柒(1812322920)初始化成功，开始运行！
[2021-09-25 17:35:22] 执行操作：小柒(1812322920)初始化成功，开始运行！
[2021-09-25 17:37:24] 执行操作：小柒(1812322920)初始化成功，开始运行！
[2021-09-25 22:56:10] 执行操作：小柒(1812322920)初始化成功，开始运行！
[2021-09-25 22:57:42] 执行操作：小柒(1812322920)初始化成功，开始运行！
[2021-09-25 23:11:24] 执行操作：小柒(1812322920)初始化成功，开始运行！
[2021-09-25 23:13:29] 执行操作：小柒(1812322920)初始化成功，开始运行！
[2021-09-25 23:14:11] 执行操作：小柒(1812322920)初始化成功，开始运行！
[2021-09-25 23:15:27] 执行操作：小柒(1812322920)初始化成功，开始运行！
[2021-09-25 23:16:12] 执行操作：小柒(1812322920)初始化成功，开始运行！
[2021-09-25 23:18:27] 执行操作：小柒(1812322920)初始化成功，开始运行！
[2021-09-25 23:20:12] 执行操作：小柒(1812322920)初始化成功，开始运行！
[2021-09-25 23:21:39] 执行操作：小柒(1812322920)初始化成功，开始运行！
[2021-09-25 23:22:13] 执行操作：小柒(1812322920)初始化成功，开始运行！
[2021-09-25 23:23:40] 执行操作：小柒(1812322920)初始化成功，开始运行！
[2021-09-25 23:31:31] 执行操作：小柒(1812322920)初始化成功，开始运行！
[2021-09-25 23:32:22] 执行操作：小柒(1812322920)初始化成功，开始运行！
[2021-09-25 23:32:33] 执行操作：小柒(1812322920)初始化成功，开始运行！
[2021-09-25 23:34:08] 执行操作：小柒(1812322920)初始化成功，开始运行！
[2021-09-25 23:35:33] 执行操作：小柒(1812322920)初始化成功，开始运行！
[2021-09-25 23:37:22] 执行操作：小柒(1812322920)初始化成功，开始运行！
[2021-09-25 23:38:26] 执行操作：小柒(1812322920)初始化成功，开始运行！
[2021-09-25 23:39:13] 执行操作：小柒(1812322920)初始化成功，开始运行！
[2021-09-26 20:18:59] 执行操作：小柒(1812322920)初始化成功，开始运行！
[2021-09-26 20:21:08] 执行操作：小柒(1812322920)初始化成功，开始运行！
[2021-09-26 20:21:57] 执行操作：小柒(1812322920)初始化成功，开始运行！
[2021-09-26 20:23:24] 执行操作：小柒(1812322920)初始化成功，开始运行！
[2021-09-26 20:24:43] 执行操作：小柒(1812322920)初始化成功，开始运行！
[2021-09-26 20:25:25] 执行操作：小柒(1812322920)初始化成功，开始运行！
[2021-09-26 20:26:00] 执行操作：小柒(1812322920)初始化成功，开始运行！
[2021-09-26 20:32:44] 执行操作：小柒(1812322920)初始化成功，开始运行！
[2021-09-26 20:33:40] 执行操作：小柒(1812322920)初始化成功，开始运行！
[2021-09-26 20:34:03] 执行操作：小柒(1812322920)初始化成功，开始运行！
[2021-09-27 16:16:57] 执行操作：小柒(1812322920)初始化成功，开始运行！
[2021-09-27 16:20:14] 执行操作：小柒(1812322920)初始化成功，开始运行！
[2021-09-27 16:20:36] 执行操作：小柒(1812322920)初始化成功，开始运行！
[2021-09-27 16:22:11] 执行操作：小柒(1812322920)初始化成功，开始运行！
[2021-09-27 16:23:25] 执行操作：小柒(1812322920)初始化成功，开始运行！
[2021-09-27 16:26:06] 执行操作：小柒(1812322920)初始化成功，开始运行！
[2021-09-27 16:32:16] 执行操作：小柒(1812322920)初始化成功，开始运行！
[2021-09-27 16:33:37] 执行操作：小柒(1812322920)初始化成功，开始运行！
[2021-09-27 16:34:36] 执行操作：小柒(1812322920)初始化成功，开始运行！
[2021-09-27 16:40:16] 执行操作：小柒(1812322920)初始化成功，开始运行！
[2021-09-27 16:40:51] 执行操作：小柒(1812322920)初始化成功，开始运行！
[2021-09-27 16:41:41] 执行操作：小柒(1812322920)初始化成功，开始运行！
[2021-09-27 16:42:05] 执行操作：小柒(1812322920)初始化成功，开始运行！
[2021-09-27 16:42:32] 执行操作：小柒(1812322920)初始化成功，开始运行！
[2021-09-27 16:44:09] 执行操作：小柒(1812322920)初始化成功，开始运行！
[2021-09-29 23:15:55] 执行操作：小柒(1812322920)初始化成功，开始运行！
[2021-09-29 23:17:27] 执行操作：小柒(1812322920)初始化成功，开始运行！
[2021-09-29 23:18:13] 执行操作：小柒(1812322920)初始化成功，开始运行！
[2021-09-29 23:18:20](1597867839) 执行操作：扔出漂流瓶：测试
[2021-09-29 23:18:29] 执行操作：小柒(1812322920)初始化成功，开始运行！
[2021-09-30 17:59:05] 执行操作：小柒(1812322920)初始化成功，开始运行！
[2021-09-30 18:01:02] 执行操作：小柒(1812322920)初始化成功，开始运行！
[2021-09-30 18:10:07](1597867839)<小柒功能测试群聊/479504567> 执行操作：*quit; 小柒退群！
[2021-10-05 09:42:49] 执行操作：小柒(1812322920)初始化成功，开始运行！
[2021-10-05 10:19:51] 执行操作：小柒(1812322920)初始化成功，开始运行！
[2021-10-05 10:26:00] 执行操作：小柒(1812322920)初始化成功，开始运行！
[2021-10-05 10:28:48] 执行操作：小柒(1812322920)初始化成功，开始运行！
[2021-10-06 15:01:13] 执行操作：小柒(1812322920)初始化成功，开始运行！
[2021-10-06 15:02:05] 执行操作：小柒(1812322920)初始化成功，开始运行！
[2021-10-06 15:07:00] 执行操作：小柒(1812322920)初始化成功，开始运行！
[2021-10-06 15:45:53] 执行操作：小柒(1812322920)初始化成功，开始运行！
[2021-10-07 11:56:12] 执行操作：小柒(1812322920)初始化成功，开始运行！
[2021-10-07 12:08:31] 执行操作：小柒(1812322920)初始化成功，开始运行！
[2021-10-07 12:10:16] 执行操作：小柒(1812322920)初始化成功，开始运行！
[2021-10-07 12:18:00] 执行操作：小柒(1812322920)初始化成功，开始运行！
[2021-10-07 12:18:59] 执行操作：小柒(1812322920)初始化成功，开始运行！
[2021-10-07 12:21:17] 执行操作：小柒(1812322920)初始化成功，开始运行！
[2021-10-07 13:14:54] 执行操作：小柒(1812322920)初始化成功，开始运行！
[2021-10-11 14:49:38] 执行操作：小柒(1812322920)初始化成功，开始运行！
[2021-10-11 15:41:07] 执行操作：小柒(1812322920)初始化成功，开始运行！
[2021-10-11 15:55:29] 执行操作：小柒(1812322920)初始化成功，开始运行！
[2021-10-11 15:56:21] 执行操作：小柒(1812322920)初始化成功，开始运行！
[2021-10-11 15:57:19] 执行操作：小柒(1812322920)初始化成功，开始运行！
[2021-10-11 15:57:58] 执行操作：小柒(1812322920)初始化成功，开始运行！
[2021-10-11 21:21:59] 执行操作：小柒(1812322920)初始化成功，开始运行！
[2021-10-11 21:24:44] 执行操作：小柒(1812322920)初始化成功，开始运行！
[2021-10-11 21:26:31] 执行操作：小柒(1812322920)初始化成功，开始运行！
[2021-10-11 21:27:34] 执行操作：小柒(1812322920)初始化成功，开始运行！
[2021-10-11 23:40:06] 执行操作：小柒(1812322920)初始化成功，开始运行！
[2021-10-11 23:42:12] 执行操作：小柒(1812322920)初始化成功，开始运行！
[2021-10-11 23:56:47] 执行操作：小柒(1812322920)初始化成功，开始运行！
[2021-10-11 23:57:38] 执行操作：小柒(1812322920)初始化成功，开始运行！
[2021-10-11 23:58:35] 执行操作：小柒(1812322920)初始化成功，开始运行！
[2021-10-11 23:58:39] 执行操作：小柒(1812322920)初始化成功，开始运行！
[2021-10-12 08:16:48] 执行操作：小柒(1812322920)初始化成功，开始运行！
[2021-10-12 08:27:13] 执行操作：小柒(1812322920)初始化成功，开始运行！
[2021-10-12 08:35:03] 执行操作：小柒(1812322920)初始化成功，开始运行！
[2021-10-12 08:58:56] 执行操作：小柒(1812322920)初始化成功，开始运行！
[2021-10-12 09:06:17](1597867839) 执行操作：主人帮助; 执行结果：参见command.py里的帮助内容
[2021-10-12 09:06:43](1597867839) 执行操作：修改机器人名字 小玖; 执行结果：修改成功！当前名字：小玖
[2021-10-12 10:19:28] 执行操作：小柒(1812322920)初始化成功，开始运行！
[2021-10-12 10:20:24] 执行操作：小柒(1812322920)初始化成功，开始运行！
[2021-10-12 10:21:40] 执行操作：小柒(1812322920)初始化成功，开始运行！
[2021-10-12 10:23:24] 执行操作：小柒(1812322920)初始化成功，开始运行！
[2021-10-12 10:24:38] 执行操作：小柒(1812322920)初始化成功，开始运行！
[2021-10-12 10:25:22] 执行操作：小柒(1812322920)初始化成功，开始运行！
[2021-10-12 10:28:46] 执行操作：小柒(1812322920)初始化成功，开始运行！
[2021-10-12 10:51:19] 执行操作：小柒(1812322920)初始化成功，开始运行！
[2021-10-12 10:53:05] 执行操作：小柒(1812322920)初始化成功，开始运行！
[2021-10-12 10:57:08] 执行操作：小柒(1812322920)初始化成功，开始运行！
[2021-10-12 10:58:50] 执行操作：小柒(1812322920)初始化成功，开始运行！
[2021-10-12 11:04:51] 执行操作：小柒(1812322920)初始化成功，开始运行！
[2021-10-12 11:09:24] 执行操作：小柒(1812322920)初始化成功，开始运行！
[2021-10-12 11:16:48] 执行操作：小柒(1812322920)初始化成功，开始运行！
[2021-10-12 11:17:57] 执行操作：小柒(1812322920)初始化成功，开始运行！
[2021-10-12 11:19:42] 执行操作：小柒(1812322920)初始化成功，开始运行！
[2021-10-12 11:20:17] 执行操作：小柒(1812322920)初始化成功，开始运行！
[2021-10-12 11:20:52] 执行操作：小柒(1812322920)初始化成功，开始运行！
[2021-10-12 11:33:00] 执行操作：小柒(1812322920)初始化成功，开始运行！
[2021-10-12 11:36:26] 执行操作：小柒(1812322920)初始化成功，开始运行！
[2021-10-12 11:38:11] 执行操作：小柒(1812322920)初始化成功，开始运行！
[2021-10-12 11:42:21] 执行操作：小柒(1812322920)初始化成功，开始运行！
[2021-10-12 11:43:17] 执行操作：小柒(1812322920)初始化成功，开始运行！
[2021-10-12 11:43:39] 执行操作：小柒(1812322920)初始化成功，开始运行！
[2021-10-12 11:44:15] 执行操作：小柒(1812322920)初始化成功，开始运行！
[2021-10-12 11:58:39] 执行操作：小柒(1812322920)初始化成功，开始运行！
[2021-10-12 13:14:07] 执行操作：小柒(1812322920)初始化成功，开始运行！
[2021-10-12 13:15:47] 执行操作：小柒(1812322920)初始化成功，开始运行！
[2021-10-12 13:17:24] 执行操作：小柒(1812322920)初始化成功，开始运行！
[2021-10-12 13:28:39] 执行操作：小柒(1812322920)初始化成功，开始运行！
[2021-10-12 15:05:04] 执行操作：小柒(1812322920)初始化成功，开始运行！
[2021-10-12 15:13:09] 执行操作：小柒(1812322920)初始化成功，开始运行！
[2021-10-12 15:36:13] 执行操作：小柒(1812322920)初始化成功，开始运行！
[2021-10-12 15:41:00] 执行操作：小柒(1812322920)初始化成功，开始运行！
[2021-10-12 15:42:30] 执行操作：小柒(1812322920)初始化成功，开始运行！
[2021-10-12 15:43:20] 执行操作：小柒(1812322920)初始化成功，开始运行！
[2021-10-12 15:57:49] 执行操作：小柒(1812322920)初始化成功，开始运行！
[2021-10-12 16:03:51] 执行操作：小柒(1812322920)初始化成功，开始运行！
[2021-10-12 16:11:45] 执行操作：小柒(1812322920)初始化成功，开始运行！
[2021-10-12 17:59:42] 执行操作：小柒(1812322920)初始化成功，开始运行！
[2021-10-12 18:00:14] 执行操作：小柒(1812322920)初始化成功，开始运行！
[2021-10-12 18:01:21] 执行操作：小柒(1812322920)初始化成功，开始运行！
[2021-10-12 18:08:59] 执行操作：小柒(1812322920)初始化成功，开始运行！
[2021-10-12 18:10:30] 执行操作：小柒(1812322920)初始化成功，开始运行！
[2021-10-12 18:14:23] 执行操作：小柒(1812322920)初始化成功，开始运行！
[2021-10-12 18:16:17] 执行操作：小柒(1812322920)初始化成功，开始运行！
[2021-10-12 18:31:40] 执行操作：小柒(1812322920)初始化成功，开始运行！
[2021-10-12 18:32:39] 执行操作：小柒(1812322920)初始化成功，开始运行！
[2021-10-12 18:33:08] 执行操作：小柒(1812322920)初始化成功，开始运行！
[2021-10-12 18:33:37] 执行操作：小柒(1812322920)初始化成功，开始运行！
[2021-10-12 18:34:30] 执行操作：小柒(1812322920)初始化成功，开始运行！
[2021-10-12 18:38:21] 执行操作：小柒(1812322920)初始化成功，开始运行！
[2021-10-12 18:41:29] 执行操作：小柒(1812322920)初始化成功，开始运行！
[2021-10-12 18:41:54] 执行操作：小柒(1812322920)初始化成功，开始运行！
[2021-10-12 18:55:24] 执行操作：小柒(1812322920)初始化成功，开始运行！
[2021-10-12 19:00:58] 执行操作：小柒(1812322920)初始化成功，开始运行！
[2021-10-12 19:01:53] 执行操作：小柒(1812322920)初始化成功，开始运行！
[2021-10-12 19:09:54] 执行操作：小柒(1812322920)初始化成功，开始运行！
[2021-10-12 19:15:23] 执行操作：小柒(1812322920)初始化成功，开始运行！
[2021-10-12 19:16:52] 执行操作：小柒(1812322920)初始化成功，开始运行！
[2021-10-12 19:21:55] 执行操作：小柒(1812322920)初始化成功，开始运行！
[2021-10-12 19:27:21] 执行操作：小柒(1812322920)初始化成功，开始运行！
[2021-10-12 19:35:35] 执行操作：小柒(1812322920)初始化成功，开始运行！
[2021-10-12 19:43:19] 执行操作：小柒(1812322920)初始化成功，开始运行！
[2021-10-12 19:52:15] 执行操作：小柒(1812322920)初始化成功，开始运行！
[2021-10-12 20:00:53] 执行操作：小柒(1812322920)初始化成功，开始运行！
[2021-10-12 20:06:10] 执行操作：小柒(1812322920)初始化成功，开始运行！
[2021-10-12 20:15:48] 执行操作：小柒(1812322920)初始化成功，开始运行！
[2021-10-12 20:22:14] 执行操作：小柒(1812322920)初始化成功，开始运行！
[2021-10-12 20:45:54] 执行操作：小柒(1812322920)初始化成功，开始运行！
[2021-10-12 20:51:44] 执行操作：小柒(1812322920)初始化成功，开始运行！
[2021-10-12 21:06:38] 执行操作：小柒(1812322920)初始化成功，开始运行！
[2021-10-12 21:07:39] 执行操作：小柒(1812322920)初始化成功，开始运行！
[2021-10-12 21:08:37] 执行操作：小柒(1812322920)初始化成功，开始运行！
[2021-10-12 21:09:29] 执行操作：小柒(1812322920)初始化成功，开始运行！
[2021-10-12 21:12:13] 执行操作：小柒(1812322920)初始化成功，开始运行！
[2021-10-12 21:12:36] 执行操作：小柒(1812322920)初始化成功，开始运行！
[2021-10-12 21:13:41] 执行操作：小柒(1812322920)初始化成功，开始运行！
[2021-10-12 21:13:52] 执行操作：小柒(1812322920)初始化成功，开始运行！
[2021-10-12 21:14:28] 执行操作：小柒(1812322920)初始化成功，开始运行！
[2021-10-12 21:14:35] 执行操作：小柒(1812322920)初始化成功，开始运行！
[2021-10-12 21:15:56] 执行操作：小柒(1812322920)初始化成功，开始运行！
[2021-10-12 21:18:05] 执行操作：小柒(1812322920)初始化成功，开始运行！
[2021-10-12 21:18:48] 执行操作：小柒(1812322920)初始化成功，开始运行！
[2021-10-12 22:03:52] 执行操作：小柒(1812322920)初始化成功，开始运行！
[2021-10-12 22:05:01] 执行操作：小柒(1812322920)初始化成功，开始运行！
[2021-10-12 22:06:08] 执行操作：小柒(1812322920)初始化成功，开始运行！
[2021-10-12 22:07:10] 执行操作：小柒(1812322920)初始化成功，开始运行！
[2021-10-12 22:12:28] 执行操作：小柒(1812322920)初始化成功，开始运行！
[2021-10-12 22:12:59] 执行操作：小柒(1812322920)初始化成功，开始运行！
[2021-10-12 22:13:29] 执行操作：小柒(1812322920)初始化成功，开始运行！
[2021-10-12 22:14:10] 执行操作：小柒(1812322920)初始化成功，开始运行！
[2021-10-12 22:16:16] 执行操作：小柒(1812322920)初始化成功，开始运行！
[2021-10-12 22:31:59] 执行操作：小柒(1812322920)初始化成功，开始运行！
[2021-10-12 22:33:06] 执行操作：小柒(1812322920)初始化成功，开始运行！
[2021-10-12 22:35:13] 执行操作：小柒(1812322920)初始化成功，开始运行！
[2021-10-12 22:38:24] 执行操作：小柒(1812322920)初始化成功，开始运行！
[2021-10-13 08:19:18] 执行操作：小柒(1812322920)初始化成功，开始运行！
[2021-10-13 08:45:50] 执行操作：小柒(1812322920)初始化成功，开始运行！
[2021-10-13 08:57:38] 执行操作：小柒(1812322920)初始化成功，开始运行！
[2021-10-13 09:11:15] 执行操作：小柒(1812322920)初始化成功，开始运行！
[2021-10-13 09:11:35] 执行操作：小柒(1812322920)初始化成功，开始运行！
[2021-10-13 09:12:05] 执行操作：小柒(1812322920)初始化成功，开始运行！
[2021-10-13 09:12:37] 执行操作：小柒(1812322920)初始化成功，开始运行！
[2021-10-13 09:12:55] 执行操作：小柒(1812322920)初始化成功，开始运行！
[2021-10-13 09:18:57] 执行操作：小柒(1812322920)初始化成功，开始运行！
[2021-10-13 09:30:37] 执行操作：小柒(1812322920)初始化成功，开始运行！
[2021-10-13 09:32:55] 执行操作：小柒(1812322920)初始化成功，开始运行！
[2021-10-13 09:33:55] 执行操作：小柒(1812322920)初始化成功，开始运行！
[2021-10-13 09:34:56] 执行操作：小柒(1812322920)初始化成功，开始运行！
[2021-10-13 09:35:19] 执行操作：小柒(1812322920)初始化成功，开始运行！
[2021-10-13 09:36:20] 执行操作：小柒(1812322920)初始化成功，开始运行！
[2021-10-13 09:40:08] 执行操作：小柒(1812322920)初始化成功，开始运行！
[2021-10-13 09:56:32] 执行操作：小柒(1812322920)初始化成功，开始运行！
[2021-10-13 10:08:25] 执行操作：小柒(1812322920)初始化成功，开始运行！
[2021-10-13 10:09:36] 执行操作：小柒(1812322920)初始化成功，开始运行！
[2021-10-13 10:10:06] 执行操作：小柒(1812322920)初始化成功，开始运行！
[2021-10-13 10:10:37] 执行操作：小柒(1812322920)初始化成功，开始运行！
[2021-10-13 10:12:19] 执行操作：小柒(1812322920)初始化成功，开始运行！
[2021-10-13 10:20:20] 执行操作：小柒(1812322920)初始化成功，开始运行！
[2021-10-13 10:21:04] 执行操作：小柒(1812322920)初始化成功，开始运行！
[2021-10-13 10:43:26] 执行操作：小柒(1812322920)初始化成功，开始运行！
[2021-10-13 10:45:21] 执行操作：小柒(1812322920)初始化成功，开始运行！
[2021-10-13 10:46:32] 执行操作：小柒(1812322920)初始化成功，开始运行！
[2021-10-13 10:47:00] 执行操作：小柒(1812322920)初始化成功，开始运行！
[2021-10-13 10:47:41] 执行操作：小柒(1812322920)初始化成功，开始运行！
[2021-10-13 10:59:30] 执行操作：小柒(1812322920)初始化成功，开始运行！
[2021-10-13 11:00:16] 执行操作：小柒(1812322920)初始化成功，开始运行！
[2021-10-13 11:15:26] 执行操作：小柒(1812322920)初始化成功，开始运行！
[2021-10-13 11:18:02] 执行操作：小柒(1812322920)初始化成功，开始运行！
[2021-10-13 11:20:14] 执行操作：小柒(1812322920)初始化成功，开始运行！
[2021-10-13 11:28:50] 执行操作：小柒(1812322920)初始化成功，开始运行！
[2021-10-13 11:42:42] 执行操作：小柒(1812322920)初始化成功，开始运行！
[2021-10-13 12:07:20] 执行操作：小柒(1812322920)初始化成功，开始运行！
[2021-10-13 13:40:54] 执行操作：小柒(1812322920)初始化成功，开始运行！
[2021-10-13 14:33:43] 执行操作：小柒(1812322920)初始化成功，开始运行！
[2021-10-13 14:44:44] 执行操作：小柒(1812322920)初始化成功，开始运行！
[2021-10-14 22:07:37] 执行操作：小柒(1812322920)初始化成功，开始运行！
[2021-10-14 22:38:37] 执行操作：小柒(1812322920)初始化成功，开始运行！
[2021-10-14 23:30:37] 执行操作：小柒(1812322920)初始化成功，开始运行！
[2021-10-14 23:32:00] 执行操作：小柒(1812322920)初始化成功，开始运行！
[2021-10-14 23:32:12] 执行操作：小柒(1812322920)初始化成功，开始运行！
[2021-10-14 23:32:47] 执行操作：小柒(1812322920)初始化成功，开始运行！
[2021-10-14 23:33:50] 执行操作：小柒(1812322920)初始化成功，开始运行！
[2021-10-14 23:35:08] 执行操作：小柒(1812322920)初始化成功，开始运行！
[2021-10-14 23:37:49] 执行操作：小柒(1812322920)初始化成功，开始运行！
[2021-10-14 23:38:06](1597867839) 执行操作：添加回复 2 3; 执行结果：添加成功~
[2021-10-15 16:12:07] 执行操作：小柒(1812322920)初始化成功，开始运行！
[2021-10-15 16:13:14] 执行操作：小柒(1812322920)初始化成功，开始运行！
[2021-10-15 16:14:57] 执行操作：小柒(1812322920)初始化成功，开始运行！
[2021-10-15 16:16:00] 执行操作：小柒(1812322920)初始化成功，开始运行！
[2021-10-15 16:17:26] 执行操作：小柒(1812322920)初始化成功，开始运行！
[2021-10-15 16:20:26] 执行操作：小柒(1812322920)初始化成功，开始运行！
[2021-10-15 16:21:26] 执行操作：小柒(1812322920)初始化成功，开始运行！
[2021-10-15 16:23:01] 执行操作：小柒(1812322920)初始化成功，开始运行！
[2021-10-16 10:08:27] 执行操作：小柒(1812322920)初始化成功，开始运行！
[2021-10-16 10:12:56] 执行操作：小柒(1812322920)初始化成功，开始运行！
[2021-10-16 10:43:29] 执行操作：小柒(1812322920)初始化成功，开始运行！
[2021-10-16 10:46:53] 执行操作：小柒(1812322920)初始化成功，开始运行！
[2021-10-16 10:49:14] 执行操作：小柒(1812322920)初始化成功，开始运行！
[2021-10-16 10:50:56] 执行操作：小柒(1812322920)初始化成功，开始运行！
[2021-10-16 23:57:36] 执行操作：小柒(1812322920)初始化成功，开始运行！
[2021-10-17 00:00:07] 执行操作：已重置打卡日期到：2021-10-17
[2021-10-18 09:19:09] 执行操作：小柒(1812322920)初始化成功，开始运行！
[2021-10-18 09:21:32] 执行操作：小柒(1812322920)初始化成功，开始运行！
[2021-10-18 14:34:46] 执行操作：小柒(1812322920)初始化成功，开始运行！
[2021-10-18 14:35:18] 执行操作：小柒(1812322920)初始化成功，开始运行！
[2021-10-18 14:37:51] 执行操作：小柒(1812322920)初始化成功，开始运行！
[2021-10-18 14:45:12] 执行操作：小柒(1812322920)初始化成功，开始运行！
[2021-10-18 14:45:35] 执行操作：小柒(1812322920)初始化成功，开始运行！
[2021-10-18 14:47:34] 执行操作：小柒(1812322920)初始化成功，开始运行！
[2021-10-18 14:51:33] 执行操作：小柒(1812322920)初始化成功，开始运行！
[2021-10-19 08:11:17] 执行操作：小柒(1812322920)初始化成功，开始运行！
[2021-10-19 08:15:23] 执行操作：小柒(1812322920)初始化成功，开始运行！
[2021-10-19 08:49:05] 执行操作：小柒(1812322920)初始化成功，开始运行！
[2021-10-19 08:51:11] 执行操作：小柒(1812322920)初始化成功，开始运行！
[2021-10-19 08:56:59] 执行操作：小柒(1812322920)初始化成功，开始运行！
[2021-10-19 09:01:56] 执行操作：小柒(1812322920)初始化成功，开始运行！
[2021-10-19 09:03:39] 执行操作：小柒(1812322920)初始化成功，开始运行！
[2021-10-19 09:05:51] 执行操作：小柒(1812322920)初始化成功，开始运行！
[2021-10-19 09:06:25] 执行操作：小柒(1812322920)初始化成功，开始运行！
[2021-10-19 09:06:32](1597867839) 执行操作：查看复杂回复; 执行结果：没有开放的复杂回复触发词
[2021-10-19 09:06:45](1597867839) 执行操作：查看复杂回复; 执行结果：没有开放的复杂回复触发词
[2021-10-19 09:06:51](1597867839) 执行操作：添加复杂回复; 执行结果：请在小柒的指引下完成复杂回复的添加~请问你的触发该回复的触发词是什么呢？（只能包含文本和艾特消息，你可以随时输入“*取消创建*”来取消，星号不可以省略哦~）
[2021-10-19 09:07:48](1597867839) 执行操作：查看复杂回复; 执行结果：开放的复杂回复触发词如下：
测试消息
[2021-10-19 09:22:33] 执行操作：小柒(1812322920)初始化成功，开始运行！
[2021-10-23 00:01:46] 执行操作：小柒(1812322920)初始化成功，开始运行！
[2021-10-26 19:06:28] 执行操作：小柒(1812322920)初始化成功，开始运行！
[2021-10-27 20:48:26] 执行操作：小柒(1812322920)初始化成功，开始运行！
[2021-10-27 20:51:27] 执行操作：小柒(1812322920)初始化成功，开始运行！
[2021-10-27 20:52:32] 执行操作：小柒(1812322920)初始化成功，开始运行！
[2021-10-27 20:53:12] 执行操作：小柒(1812322920)初始化成功，开始运行！
[2021-10-27 20:53:43] 执行操作：小柒(1812322920)初始化成功，开始运行！
[2021-10-27 20:54:33] 执行操作：小柒(1812322920)初始化成功，开始运行！
[2021-10-27 20:57:18] 执行操作：小柒(1812322920)初始化成功，开始运行！
[2021-10-27 20:59:36] 执行操作：小柒(1812322920)初始化成功，开始运行！
[2021-10-27 21:42:15] 执行操作：小柒(1812322920)初始化成功，开始运行！
[2021-10-27 21:43:03] 执行操作：小柒(1812322920)初始化成功，开始运行！
[2021-10-27 21:45:45] 执行操作：小柒(1812322920)初始化成功，开始运行！
[2021-10-27 21:46:15] 执行操作：小柒(1812322920)初始化成功，开始运行！
[2021-10-27 21:47:39] 执行操作：小柒(1812322920)初始化成功，开始运行！
[2021-10-27 21:51:47] 执行操作：小柒(1812322920)初始化成功，开始运行！
[2021-10-27 21:57:17] 执行操作：小柒(1812322920)初始化成功，开始运行！
[2021-10-28 16:00:23] 执行操作：小柒(1812322920)初始化成功，开始运行！
[2021-10-28 16:08:56] 执行操作：小柒(1812322920)初始化成功，开始运行！
[2021-10-28 16:09:52] 执行操作：小柒(1812322920)初始化成功，开始运行！
[2021-10-28 16:50:49] 执行操作：小柒(1812322920)初始化成功，开始运行！
[2021-10-29 21:13:50] 执行操作：小柒(1812322920)初始化成功，开始运行！
[2021-10-29 21:19:03] 执行操作：小柒(1812322920)初始化成功，开始运行！
[2021-10-29 21:21:43] 执行操作：小柒(1812322920)初始化成功，开始运行！
[2021-10-29 21:24:54] 执行操作：小柒(1812322920)初始化成功，开始运行！
[2021-10-29 21:34:16] 执行操作：小柒(1812322920)初始化成功，开始运行！
[2021-10-29 22:17:56] 执行操作：小柒(1812322920)初始化成功，开始运行！
[2021-10-29 22:18:42] 执行操作：小柒(1812322920)初始化成功，开始运行！
[2021-10-29 22:24:14] 执行操作：小柒(1812322920)初始化成功，开始运行！
[2021-10-29 22:27:19] 执行操作：小柒(1812322920)初始化成功，开始运行！
[2021-10-29 22:36:31] 执行操作：小柒(1812322920)初始化成功，开始运行！
[2021-10-29 22:47:25] 执行操作：小柒(1812322920)初始化成功，开始运行！
[2021-10-29 22:49:50] 执行操作：小柒(1812322920)初始化成功，开始运行！
[2021-10-29 22:53:35] 执行操作：小柒(1812322920)初始化成功，开始运行！
[2021-10-29 22:56:35] 执行操作：小柒(1812322920)初始化成功，开始运行！
[2021-10-30 00:13:48] 执行操作：小柒(1812322920)初始化成功，开始运行！
[2021-10-30 00:14:53] 执行操作：小柒(1812322920)初始化成功，开始运行！
[2021-10-30 00:15:27] 执行操作：小柒(1812322920)初始化成功，开始运行！
[2021-10-30 00:16:51] 执行操作：小柒(1812322920)初始化成功，开始运行！
[2021-10-30 00:18:47] 执行操作：小柒(1812322920)初始化成功，开始运行！
[2021-10-30 00:19:47] 执行操作：小柒(1812322920)初始化成功，开始运行！
[2021-10-30 00:30:09] 执行操作：小柒(1812322920)初始化成功，开始运行！
[2021-10-30 00:33:17] 执行操作：小柒(1812322920)初始化成功，开始运行！
[2021-10-30 00:34:10] 执行操作：小柒(1812322920)初始化成功，开始运行！
[2021-10-30 00:35:16] 执行操作：小柒(1812322920)初始化成功，开始运行！
[2021-10-30 00:36:33] 执行操作：小柒(1812322920)初始化成功，开始运行！
[2021-10-30 00:38:03] 执行操作：小柒(1812322920)初始化成功，开始运行！
[2021-10-30 00:38:53] 执行操作：小柒(1812322920)初始化成功，开始运行！
[2021-10-30 00:41:17] 执行操作：小柒(1812322920)初始化成功，开始运行！
[2021-10-30 12:11:39] 执行操作：小柒(1812322920)初始化成功，开始运行！
[2021-10-30 12:12:45] 执行操作：小柒(1812322920)初始化成功，开始运行！
[2021-10-30 13:07:01] 执行操作：小柒(1812322920)初始化成功，开始运行！
[2021-10-30 13:08:07] 执行操作：小柒(1812322920)初始化成功，开始运行！
[2021-10-30 13:09:31] 执行操作：小柒(1812322920)初始化成功，开始运行！
[2021-10-30 13:13:00] 执行操作：小柒(1812322920)初始化成功，开始运行！
[2021-10-30 13:14:33] 执行操作：小柒(1812322920)初始化成功，开始运行！
[2021-10-30 13:17:50] 执行操作：小柒(1812322920)初始化成功，开始运行！
[2021-10-30 13:18:36] 执行操作：小柒(1812322920)初始化成功，开始运行！
[2021-10-30 13:19:12] 执行操作：小柒(1812322920)初始化成功，开始运行！
[2021-10-30 13:24:56] 执行操作：小柒(1812322920)初始化成功，开始运行！
[2021-10-30 13:35:09] 执行操作：小柒(1812322920)初始化成功，开始运行！
[2021-10-30 13:44:47] 执行操作：小柒(1812322920)初始化成功，开始运行！
[2021-10-30 13:46:29] 执行操作：小柒(1812322920)初始化成功，开始运行！
[2021-10-31 09:29:14] 执行操作：小柒(1812322920)初始化成功，开始运行！
[2021-10-31 09:30:28] 执行操作：小柒(1812322920)初始化成功，开始运行！
[2021-10-31 09:32:10] 执行操作：小柒(1812322920)初始化成功，开始运行！
[2021-10-31 14:26:25] 执行操作：小柒(1812322920)初始化成功，开始运行！
[2021-11-01 15:55:48] 执行操作：小柒(1812322920)初始化成功，开始运行！
[2021-11-01 16:21:35] 执行操作：小柒(1812322920)初始化成功，开始运行！
[2021-11-01 16:22:11] 执行操作：小柒(1812322920)初始化成功，开始运行！
[2021-11-01 16:22:37] 执行操作：小柒(1812322920)初始化成功，开始运行！
[2021-11-01 17:50:52] 执行操作：小柒(1812322920)初始化成功，开始运行！
[2021-11-01 17:52:09] 执行操作：小柒(1812322920)初始化成功，开始运行！
[2021-11-01 18:09:25] 执行操作：小柒(1812322920)初始化成功，开始运行！
[2021-11-05 13:45:30] 执行操作：小柒(1812322920)初始化成功，开始运行！
[2021-11-05 13:46:53] 执行操作：小柒(1812322920)初始化成功，开始运行！
[2021-11-05 13:46:58] 执行操作：小柒(1812322920)初始化成功，开始运行！
[2021-12-01 17:07:05] 执行操作：小柒(1812322920)初始化成功，开始运行！
[2021-12-01 17:10:24] 执行操作：小柒(1812322920)初始化成功，开始运行！
[2021-12-01 17:45:34] 执行操作：小柒(1812322920)初始化成功，开始运行！
[2021-12-01 17:45:57] 执行操作：小柒(1812322920)初始化成功，开始运行！
[2021-12-01 17:46:12] 执行操作：小柒(1812322920)初始化成功，开始运行！
[2021-12-01 17:46:17] 执行操作：小柒(1812322920)初始化成功，开始运行！
[2021-12-01 17:46:26] 执行操作：小柒(1812322920)初始化成功，开始运行！
[2021-12-31 09:26:09] 执行操作：小柒(1812322920)初始化成功，开始运行！
[2021-12-31 09:28:20] 执行操作：小柒(1812322920)初始化成功，开始运行！
[2022-01-08 22:41:13] 执行操作：小柒(1812322920)初始化成功，开始运行！
[2022-01-08 22:41:52](1597867839) 执行操作：查看复杂回复; 执行结果：开放的复杂回复触发词如下：
测试消息
[2022-01-08 22:42:36](1597867839) 执行操作：添加复杂回复; 执行结果：请在小柒的指引下完成复杂回复的添加~请问你的触发该回复的触发词是什么呢？（只能包含文本和艾特消息，你可以随时输入“*取消创建*”来取消，星号不可以省略哦~）
[2022-01-08 22:42:55](1597867839) 执行操作：删除回复 1 3; 执行结果：没有该词组配对~
[2022-01-08 22:43:01](1597867839) 执行操作：删除关键词 1 3; 执行结果：没有该词组配对~
[2022-01-08 22:43:14](1597867839) 执行操作：删除复杂回复 测试消息; 执行结果：删除成功~
[2022-01-08 22:43:17](1597867839) 执行操作：删除复杂回复 1; 执行结果：没有该触发词
[2022-01-08 22:43:24](1597867839) 执行操作：查看复杂回复; 执行结果：开放的复杂回复触发词如下：
2
[2022-01-08 22:43:39](1597867839) 执行操作：删除复杂回复 2; 执行结果：删除成功~
[2022-01-08 22:43:44](1597867839) 执行操作：查看复杂回复; 执行结果：没有开放的复杂回复触发词
[2022-01-08 22:43:50](1597867839) 执行操作：添加复杂回复; 执行结果：请在小柒的指引下完成复杂回复的添加~请问你的触发该回复的触发词是什么呢？（只能包含文本和艾特消息，你可以随时输入“*取消创建*”来取消，星号不可以省略哦~）
[2022-01-08 22:44:08](1597867839) 执行操作：查看复杂回复; 执行结果：开放的复杂回复触发词如下：
测试图片
[2022-02-16 22:37:18] 执行操作：小柒(1812322920)初始化成功，开始运行！
[2022-02-16 22:41:43] 执行操作：小柒(1812322920)初始化成功，开始运行！
[2022-02-16 22:41:50] 执行操作：小柒(1812322920)初始化成功，开始运行！
[2022-02-16 22:44:31] 执行操作：小柒(1812322920)初始化成功，开始运行！
[2022-02-16 22:45:53] 执行操作：小柒(1812322920)初始化成功，开始运行！
[2022-02-16 22:46:43] 执行操作：小柒(1812322920)初始化成功，开始运行！
[2022-02-16 23:21:11] 执行操作：小柒(1812322920)初始化成功，开始运行！
